<?xml version="1.0" encoding="UTF-8"?>
  <testsuites tests="4" disabled="0" errors="0" failures="0" time="41.735665196">
      <testsuite name="Multi-Tenant Contention Benchmark Suite" package="/workspace" tests="4" disabled="0" skipped="0" errors="0" failures="0" time="41.735665196" timestamp="2026-08-25T22:01:20">
          <properties>
              <property name="SuiteSucceeded" value="true"></property>
              <property name="SuiteHasProgrammaticFocus" value="false"></property>
              <property name="SpecialSuiteFailureReason" value=""></property>
              <property name="SuiteLabels" value="[]"></property>
              <property name="SuiteSemVerConstraints" value="[]"></property>
              <property name="SuiteComponentSemVerConstraints" value="[]"></property>
              <property name="RandomSeed" value="1787695280"></property>
              <property name="RandomizeAllSpecs" value="false"></property>
              <property name="LabelFilter" value="quantitative"></property>
              <property name="SemVerFilter" value=""></property>
              <property name="FocusStrings" value=""></property>
              <property name="SkipStrings" value=""></property>
              <property name="FocusFiles" value=""></property>
              <property name="SkipFiles" value=""></property>
              <property name="FailOnPending" value="false"></property>
              <property name="FailOnEmpty" value="false"></property>
              <property name="FailFast" value="false"></property>
              <property name="FlakeAttempts" value="0"></property>
              <property name="DryRun" value="false"></property>
              <property name="ParallelTotal" value="1"></property>
              <property name="OutputInterceptorMode" value=""></property>
          </properties>
          <testcase name="[BeforeSuite]" classname="Multi-Tenant Contention Benchmark Suite" status="passed" time="0.000412274">
              <system-err>&gt; Enter [BeforeSuite] TOP-LEVEL - /uat_workspace/peer-load-high/test_test.go:58 @ 08/25/26 22:01:20.77&#xA;Server: http://svc-t11-peer-load-high-moc-r4pcc02u05-project-server:8000&#xA;Results: /uat_workspace&#xA;&lt; Exit [BeforeSuite] TOP-LEVEL - /uat_workspace/peer-load-high/test_test.go:58 @ 08/25/26 22:01:20.771 (0s)&#xA;</system-err>
          </testcase>
          <testcase name="[It] peer-load-high Benchmark Under Contention should execute benchmark successfully [quantitative]" classname="Multi-Tenant Contention Benchmark Suite" status="passed" time="41.732373161">
              <system-err>&gt; Enter [It] should execute benchmark successfully - /uat_workspace/peer-load-high/test_test.go:72 @ 08/25/26 22:01:20.771&#xA;&lt; Exit [It] should execute benchmark successfully - /uat_workspace/peer-load-high/test_test.go:72 @ 08/25/26 22:02:02.503 (41.732s)&#xA;</system-err>
          </testcase>
          <testcase name="[It] peer-load-high Benchmark Under Contention should generate result files [quantitative]" classname="Multi-Tenant Contention Benchmark Suite" status="passed" time="0.001500212">
              <system-err>&gt; Enter [It] should generate result files - /uat_workspace/peer-load-high/test_test.go:92 @ 08/25/26 22:02:02.503&#xA;&lt; Exit [It] should generate result files - /uat_workspace/peer-load-high/test_test.go:92 @ 08/25/26 22:02:02.505 (1ms)&#xA;</system-err>
          </testcase>
          <testcase name="[It] peer-load-high Benchmark Under Contention should collect benchmark results [quantitative]" classname="Multi-Tenant Contention Benchmark Suite" status="passed" time="0.000979634">
              <system-err>&gt; Enter [It] should collect benchmark results - /uat_workspace/peer-load-high/test_test.go:98 @ 08/25/26 22:02:02.505&#xA;=== Contention Benchmark Results ===&#xA;Successes: 30  Failures: 0&#xA;Throughput (tok/s): total=191.27 output=67.77 requests=1.0021&#xA;Request Latency (s): mean=0.3191 median=0.3162&#xA;TTFT (s): mean=0.0192 median=0.0176&#xA;ttft_mean_s - /uat_workspace/peer-load-high/test_test.go:126 @ 08/25/26 22:02:02.506&#xA;  0.019236250473962477&#xA;TPOT (s): mean=0.0047 median=0.0048&#xA;tpot_mean_s - /uat_workspace/peer-load-high/test_test.go:132 @ 08/25/26 22:02:02.506&#xA;  0.004729310551026616&#xA;throughput_total_tokens_per_sec - /uat_workspace/peer-load-high/test_test.go:135 @ 08/25/26 22:02:02.506&#xA;  191.26554343429424&#xA;throughput_output_tokens_per_sec - /uat_workspace/peer-load-high/test_test.go:136 @ 08/25/26 22:02:02.506&#xA;  67.77467475169107&#xA;request_latency_mean_s - /uat_workspace/peer-load-high/test_test.go:137 @ 08/25/26 22:02:02.506&#xA;  0.3191159422703398&#xA;&lt; Exit [It] should collect benchmark results - /uat_workspace/peer-load-high/test_test.go:98 @ 08/25/26 22:02:02.506 (1ms)&#xA;</system-err>
          </testcase>
      </testsuite>
  </testsuites>