<?xml version="1.0" encoding="UTF-8"?>
  <testsuites tests="4" disabled="0" errors="0" failures="0" time="71.980055881">
      <testsuite name="Multi-Tenant Contention Benchmark Suite" package="/workspace" tests="4" disabled="0" skipped="0" errors="0" failures="0" time="71.980055881" timestamp="2026-08-25T22:12:58">
          <properties>
              <property name="SuiteSucceeded" value="true"></property>
              <property name="SuiteHasProgrammaticFocus" value="false"></property>
              <property name="SpecialSuiteFailureReason" value=""></property>
              <property name="SuiteLabels" value="[]"></property>
              <property name="SuiteSemVerConstraints" value="[]"></property>
              <property name="SuiteComponentSemVerConstraints" value="[]"></property>
              <property name="RandomSeed" value="1787695978"></property>
              <property name="RandomizeAllSpecs" value="false"></property>
              <property name="LabelFilter" value="quantitative"></property>
              <property name="SemVerFilter" value=""></property>
              <property name="FocusStrings" value=""></property>
              <property name="SkipStrings" value=""></property>
              <property name="FocusFiles" value=""></property>
              <property name="SkipFiles" value=""></property>
              <property name="FailOnPending" value="false"></property>
              <property name="FailOnEmpty" value="false"></property>
              <property name="FailFast" value="false"></property>
              <property name="FlakeAttempts" value="0"></property>
              <property name="DryRun" value="false"></property>
              <property name="ParallelTotal" value="1"></property>
              <property name="OutputInterceptorMode" value=""></property>
          </properties>
          <testcase name="[BeforeSuite]" classname="Multi-Tenant Contention Benchmark Suite" status="passed" time="0.000368483">
              <system-err>&gt; Enter [BeforeSuite] TOP-LEVEL - /uat_workspace/peer-load-low/test_test.go:58 @ 08/25/26 22:12:58.416&#xA;Server: http://svc-t12-peer-load-low-moc-r4pcc02u05-project-server:8000&#xA;Results: /uat_workspace&#xA;&lt; Exit [BeforeSuite] TOP-LEVEL - /uat_workspace/peer-load-low/test_test.go:58 @ 08/25/26 22:12:58.417 (0s)&#xA;</system-err>
          </testcase>
          <testcase name="[It] peer-load-low Benchmark Under Contention should execute benchmark successfully [quantitative]" classname="Multi-Tenant Contention Benchmark Suite" status="passed" time="71.976881632">
              <system-err>&gt; Enter [It] should execute benchmark successfully - /uat_workspace/peer-load-low/test_test.go:72 @ 08/25/26 22:12:58.417&#xA;&lt; Exit [It] should execute benchmark successfully - /uat_workspace/peer-load-low/test_test.go:72 @ 08/25/26 22:14:10.394 (1m11.977s)&#xA;</system-err>
          </testcase>
          <testcase name="[It] peer-load-low Benchmark Under Contention should generate result files [quantitative]" classname="Multi-Tenant Contention Benchmark Suite" status="passed" time="0.001382258">
              <system-err>&gt; Enter [It] should generate result files - /uat_workspace/peer-load-low/test_test.go:92 @ 08/25/26 22:14:10.394&#xA;&lt; Exit [It] should generate result files - /uat_workspace/peer-load-low/test_test.go:92 @ 08/25/26 22:14:10.395 (1ms)&#xA;</system-err>
          </testcase>
          <testcase name="[It] peer-load-low Benchmark Under Contention should collect benchmark results [quantitative]" classname="Multi-Tenant Contention Benchmark Suite" status="passed" time="0.000954533">
              <system-err>&gt; Enter [It] should collect benchmark results - /uat_workspace/peer-load-low/test_test.go:98 @ 08/25/26 22:14:10.395&#xA;=== Contention Benchmark Results ===&#xA;Successes: 600  Failures: 0&#xA;Throughput (tok/s): total=1924.90 output=665.97 requests=9.9482&#xA;Request Latency (s): mean=0.3386 median=0.3344&#xA;TTFT (s): mean=0.0193 median=0.0191&#xA;ttft_mean_s - /uat_workspace/peer-load-low/test_test.go:126 @ 08/25/26 22:14:10.396&#xA;  0.019297081775148398&#xA;TPOT (s): mean=0.0049 median=0.0050&#xA;tpot_mean_s - /uat_workspace/peer-load-low/test_test.go:132 @ 08/25/26 22:14:10.396&#xA;  0.004932666691498398&#xA;throughput_total_tokens_per_sec - /uat_workspace/peer-load-low/test_test.go:135 @ 08/25/26 22:14:10.396&#xA;  1924.9034029301376&#xA;throughput_output_tokens_per_sec - /uat_workspace/peer-load-low/test_test.go:136 @ 08/25/26 22:14:10.396&#xA;  665.9689916197244&#xA;request_latency_mean_s - /uat_workspace/peer-load-low/test_test.go:137 @ 08/25/26 22:14:10.396&#xA;  0.33856809445841163&#xA;&lt; Exit [It] should collect benchmark results - /uat_workspace/peer-load-low/test_test.go:98 @ 08/25/26 22:14:10.396 (1ms)&#xA;</system-err>
          </testcase>
      </testsuite>
  </testsuites>