<?xml version="1.0" encoding="UTF-8"?>
  <testsuites tests="8" disabled="0" errors="0" failures="0" time="8.581429673">
      <testsuite name="Dev Environment Validation Suite" package="/" tests="8" disabled="0" skipped="0" errors="0" failures="0" time="8.581429673" timestamp="2026-08-25T00:49:15">
          <properties>
              <property name="SuiteSucceeded" value="true"></property>
              <property name="SuiteHasProgrammaticFocus" value="false"></property>
              <property name="SpecialSuiteFailureReason" value=""></property>
              <property name="SuiteLabels" value="[]"></property>
              <property name="SuiteSemVerConstraints" value="[]"></property>
              <property name="SuiteComponentSemVerConstraints" value="[]"></property>
              <property name="RandomSeed" value="1787618955"></property>
              <property name="RandomizeAllSpecs" value="false"></property>
              <property name="LabelFilter" value="pass-fail"></property>
              <property name="SemVerFilter" value=""></property>
              <property name="FocusStrings" value=""></property>
              <property name="SkipStrings" value=""></property>
              <property name="FocusFiles" value=""></property>
              <property name="SkipFiles" value=""></property>
              <property name="FailOnPending" value="false"></property>
              <property name="FailOnEmpty" value="false"></property>
              <property name="FailFast" value="false"></property>
              <property name="FlakeAttempts" value="0"></property>
              <property name="DryRun" value="false"></property>
              <property name="ParallelTotal" value="1"></property>
              <property name="OutputInterceptorMode" value=""></property>
          </properties>
          <testcase name="[BeforeSuite]" classname="Dev Environment Validation Suite" status="passed" time="0.00086248">
              <system-err>&gt; Enter [BeforeSuite] TOP-LEVEL - /uat_workspace/dev-env/test_test.go:388 @ 08/25/26 00:49:15.868&#xA;Server URL: http://svc-t4-dev-env-moc-r4pcc02u09-notebook-server:8888&#xA;Expected GPU count: 4&#xA;Expected NVLink: NV6&#xA;&lt; Exit [BeforeSuite] TOP-LEVEL - /uat_workspace/dev-env/test_test.go:388 @ 08/25/26 00:49:15.869 (1ms)&#xA;</system-err>
          </testcase>
          <testcase name="[It] Dev Environment Validation should create a diagnostic notebook on the server [pass-fail]" classname="Dev Environment Validation Suite" status="passed" time="0.100591201">
              <system-err>&gt; Enter [It] should create a diagnostic notebook on the server - /uat_workspace/dev-env/test_test.go:438 @ 08/25/26 00:49:15.869&#xA;Created gpu-diagnostics.ipynb on server&#xA;&lt; Exit [It] should create a diagnostic notebook on the server - /uat_workspace/dev-env/test_test.go:438 @ 08/25/26 00:49:15.969 (100ms)&#xA;</system-err>
          </testcase>
          <testcase name="[It] Dev Environment Validation should start a kernel and execute the diagnostic code [pass-fail]" classname="Dev Environment Validation Suite" status="passed" time="7.156257505">
              <system-err>&gt; Enter [It] should start a kernel and execute the diagnostic code - /uat_workspace/dev-env/test_test.go:476 @ 08/25/26 00:49:15.97&#xA;Started kernel: 7f41d954-49ac-4fd4-8bf2-3d7d5c2b7767&#xA;Diagnostic code executed successfully&#xA;&lt; Exit [It] should start a kernel and execute the diagnostic code - /uat_workspace/dev-env/test_test.go:476 @ 08/25/26 00:49:23.126 (7.156s)&#xA;</system-err>
          </testcase>
          <testcase name="[It] Dev Environment Validation should read and parse result.txt from the server [pass-fail]" classname="Dev Environment Validation Suite" status="passed" time="0.004669346">
              <system-err>&gt; Enter [It] should read and parse result.txt from the server - /uat_workspace/dev-env/test_test.go:489 @ 08/25/26 00:49:23.126&#xA;Actual GPU count: 4&#xA;Device count: 4&#xA;&lt; Exit [It] should read and parse result.txt from the server - /uat_workspace/dev-env/test_test.go:489 @ 08/25/26 00:49:23.131 (5ms)&#xA;</system-err>
          </testcase>
          <testcase name="[It] Dev Environment Validation should detect correct GPU count [pass-fail]" classname="Dev Environment Validation Suite" status="passed" time="5.9242e-05">
              <system-err>&gt; Enter [It] should detect correct GPU count - /uat_workspace/dev-env/test_test.go:504 @ 08/25/26 00:49:23.131&#xA;GPU count: 4 (expected: 4)&#xA;&lt; Exit [It] should detect correct GPU count - /uat_workspace/dev-env/test_test.go:504 @ 08/25/26 00:49:23.131 (0s)&#xA;</system-err>
          </testcase>
          <testcase name="[It] Dev Environment Validation should have correct NVLink width [pass-fail]" classname="Dev Environment Validation Suite" status="passed" time="0.000167866">
              <system-err>&gt; Enter [It] should have correct NVLink width - /uat_workspace/dev-env/test_test.go:511 @ 08/25/26 00:49:23.131&#xA;NVLink connection: NV6 (expected: NV6)&#xA;NVLink connection: NV6 (expected: NV6)&#xA;NVLink connection: NV6 (expected: NV6)&#xA;NVLink connection: NV6 (expected: NV6)&#xA;NVLink connection: NV6 (expected: NV6)&#xA;NVLink connection: NV6 (expected: NV6)&#xA;NVLink connection: NV6 (expected: NV6)&#xA;NVLink connection: NV6 (expected: NV6)&#xA;NVLink connection: NV6 (expected: NV6)&#xA;NVLink connection: NV6 (expected: NV6)&#xA;NVLink connection: NV6 (expected: NV6)&#xA;NVLink connection: NV6 (expected: NV6)&#xA;&lt; Exit [It] should have correct NVLink width - /uat_workspace/dev-env/test_test.go:511 @ 08/25/26 00:49:23.131 (0s)&#xA;</system-err>
          </testcase>
          <testcase name="[It] Dev Environment Validation should report all GPU devices [pass-fail]" classname="Dev Environment Validation Suite" status="passed" time="6.7163e-05">
              <system-err>&gt; Enter [It] should report all GPU devices - /uat_workspace/dev-env/test_test.go:531 @ 08/25/26 00:49:23.131&#xA;GPU 0: NVIDIA H100 80GB HBM3 (81081 MB)&#xA;GPU 1: NVIDIA H100 80GB HBM3 (81081 MB)&#xA;GPU 2: NVIDIA H100 80GB HBM3 (81081 MB)&#xA;GPU 3: NVIDIA H100 80GB HBM3 (81081 MB)&#xA;&lt; Exit [It] should report all GPU devices - /uat_workspace/dev-env/test_test.go:531 @ 08/25/26 00:49:23.131 (0s)&#xA;</system-err>
          </testcase>
          <testcase name="[AfterSuite]" classname="Dev Environment Validation Suite" status="passed" time="1.317905319">
              <system-err>&gt; Enter [AfterSuite] TOP-LEVEL - /uat_workspace/dev-env/test_test.go:406 @ 08/25/26 00:49:23.131&#xA;&lt; Exit [AfterSuite] TOP-LEVEL - /uat_workspace/dev-env/test_test.go:406 @ 08/25/26 00:49:24.449 (1.318s)&#xA;</system-err>
          </testcase>
      </testsuite>
  </testsuites>