<?xml version="1.0" encoding="UTF-8"?>
  <testsuites tests="22" disabled="1" errors="0" failures="4" time="2.208747834">
      <testsuite name="Component Validation Suite" package="/" tests="22" disabled="0" skipped="1" errors="0" failures="4" time="2.208747834" timestamp="2026-08-25T22:53:38">
          <properties>
              <property name="SuiteSucceeded" value="false"></property>
              <property name="SuiteHasProgrammaticFocus" value="false"></property>
              <property name="SpecialSuiteFailureReason" value=""></property>
              <property name="SuiteLabels" value="[]"></property>
              <property name="SuiteSemVerConstraints" value="[]"></property>
              <property name="SuiteComponentSemVerConstraints" value="[]"></property>
              <property name="RandomSeed" value="1787698418"></property>
              <property name="RandomizeAllSpecs" value="false"></property>
              <property name="LabelFilter" value="pass-fail"></property>
              <property name="SemVerFilter" value=""></property>
              <property name="FocusStrings" value=""></property>
              <property name="SkipStrings" value=""></property>
              <property name="FocusFiles" value=""></property>
              <property name="SkipFiles" value=""></property>
              <property name="FailOnPending" value="false"></property>
              <property name="FailOnEmpty" value="false"></property>
              <property name="FailFast" value="false"></property>
              <property name="FlakeAttempts" value="0"></property>
              <property name="DryRun" value="false"></property>
              <property name="ParallelTotal" value="1"></property>
              <property name="OutputInterceptorMode" value=""></property>
          </properties>
          <testcase name="[BeforeSuite]" classname="Component Validation Suite" status="passed" time="0.000772467">
              <system-err>&gt; Enter [BeforeSuite] TOP-LEVEL - /uat_workspace/component/test_test.go:88 @ 08/25/26 22:53:38.124&#xA;Node: moc-r4pcc02u05&#xA;Expected GPU: 4x NVIDIA-H100-80GB-HBM3&#xA;Expected CPU: AMD EPYC 9754 128-Core Processor (count: 192)&#xA;Expected memory: 1512Gi&#xA;&lt; Exit [BeforeSuite] TOP-LEVEL - /uat_workspace/component/test_test.go:88 @ 08/25/26 22:53:38.125 (1ms)&#xA;</system-err>
          </testcase>
          <testcase name="[It] Sanity Checks should detect correct GPU count [pass-fail]" classname="Component Validation Suite" status="passed" time="0.187552086">
              <system-err>&gt; Enter [It] should detect correct GPU count - /uat_workspace/component/test_test.go:163 @ 08/25/26 22:53:38.125&#xA;GPU count: 4 (expected: 4)&#xA;&lt; Exit [It] should detect correct GPU count - /uat_workspace/component/test_test.go:163 @ 08/25/26 22:53:38.312 (188ms)&#xA;</system-err>
          </testcase>
          <testcase name="[It] Sanity Checks should detect correct GPU model [pass-fail]" classname="Component Validation Suite" status="passed" time="0.189846954">
              <system-err>&gt; Enter [It] should detect correct GPU model - /uat_workspace/component/test_test.go:180 @ 08/25/26 22:53:38.312&#xA;GPU model: NVIDIA-H100-80GB-HBM3 (expected: NVIDIA-H100-80GB-HBM3)&#xA;&lt; Exit [It] should detect correct GPU model - /uat_workspace/component/test_test.go:180 @ 08/25/26 22:53:38.502 (190ms)&#xA;</system-err>
          </testcase>
          <testcase name="[It] Sanity Checks should have correct NVLink width [pass-fail]" classname="Component Validation Suite" status="passed" time="0.450070023">
              <system-err>&gt; Enter [It] should have correct NVLink width - /uat_workspace/component/test_test.go:190 @ 08/25/26 22:53:38.502&#xA;NVLink connection: NV6 (expected: NV6)&#xA;NVLink connection: NV6 (expected: NV6)&#xA;NVLink connection: NV6 (expected: NV6)&#xA;NVLink connection: NV6 (expected: NV6)&#xA;NVLink connection: NV6 (expected: NV6)&#xA;NVLink connection: NV6 (expected: NV6)&#xA;NVLink connection: NV6 (expected: NV6)&#xA;NVLink connection: NV6 (expected: NV6)&#xA;NVLink connection: NV6 (expected: NV6)&#xA;NVLink connection: NV6 (expected: NV6)&#xA;NVLink connection: NV6 (expected: NV6)&#xA;NVLink connection: NV6 (expected: NV6)&#xA;&lt; Exit [It] should have correct NVLink width - /uat_workspace/component/test_test.go:190 @ 08/25/26 22:53:38.952 (450ms)&#xA;</system-err>
          </testcase>
          <testcase name="[It] Sanity Checks should have correct NVLink topology [pass-fail]" classname="Component Validation Suite" status="passed" time="0.417393122">
              <system-err>&gt; Enter [It] should have correct NVLink topology - /uat_workspace/component/test_test.go:215 @ 08/25/26 22:53:38.952&#xA;GPU line 1: 3/3 connections are NVLink&#xA;GPU line 2: 3/3 connections are NVLink&#xA;GPU line 3: 3/3 connections are NVLink&#xA;GPU line 4: 3/3 connections are NVLink&#xA;&lt; Exit [It] should have correct NVLink topology - /uat_workspace/component/test_test.go:215 @ 08/25/26 22:53:39.37 (417ms)&#xA;</system-err>
          </testcase>
          <testcase name="[It] Sanity Checks should report correct PCIe link width [pass-fail]" classname="Component Validation Suite" status="passed" time="0.188742227">
              <system-err>&gt; Enter [It] should report correct PCIe link width - /uat_workspace/component/test_test.go:264 @ 08/25/26 22:53:39.37&#xA;PCIe width: 16 (expected: 16)&#xA;PCIe width: 16 (expected: 16)&#xA;PCIe width: 16 (expected: 16)&#xA;PCIe width: 16 (expected: 16)&#xA;&lt; Exit [It] should report correct PCIe link width - /uat_workspace/component/test_test.go:264 @ 08/25/26 22:53:39.558 (189ms)&#xA;</system-err>
          </testcase>
          <testcase name="[It] Sanity Checks should report correct PCIe generation [pass-fail]" classname="Component Validation Suite" status="passed" time="0.192484796">
              <system-err>&gt; Enter [It] should report correct PCIe generation - /uat_workspace/component/test_test.go:277 @ 08/25/26 22:53:39.559&#xA;PCIe gen: 5 (expected: 5)&#xA;PCIe gen: 5 (expected: 5)&#xA;PCIe gen: 5 (expected: 5)&#xA;PCIe gen: 5 (expected: 5)&#xA;&lt; Exit [It] should report correct PCIe generation - /uat_workspace/component/test_test.go:277 @ 08/25/26 22:53:39.751 (192ms)&#xA;</system-err>
          </testcase>
          <testcase name="[It] Sanity Checks should match expected CPU model [pass-fail]" classname="Component Validation Suite" status="passed" time="0.006406831">
              <system-err>&gt; Enter [It] should match expected CPU model - /uat_workspace/component/test_test.go:290 @ 08/25/26 22:53:39.751&#xA;CPU model: AMD EPYC 9754 128-Core Processor (expected: AMD EPYC 9754 128-Core Processor)&#xA;&lt; Exit [It] should match expected CPU model - /uat_workspace/component/test_test.go:290 @ 08/25/26 22:53:39.757 (6ms)&#xA;</system-err>
          </testcase>
          <testcase name="[It] Sanity Checks should report correct CPU count [pass-fail]" classname="Component Validation Suite" status="passed" time="0.005422017">
              <system-err>&gt; Enter [It] should report correct CPU count - /uat_workspace/component/test_test.go:310 @ 08/25/26 22:53:39.758&#xA;CPU count: 192 (expected: 192)&#xA;&lt; Exit [It] should report correct CPU count - /uat_workspace/component/test_test.go:310 @ 08/25/26 22:53:39.763 (5ms)&#xA;</system-err>
          </testcase>
          <testcase name="[It] Sanity Checks should report memory capacity within expected range [pass-fail]" classname="Component Validation Suite" status="passed" time="0.000102373">
              <system-err>&gt; Enter [It] should report memory capacity within expected range - /uat_workspace/component/test_test.go:328 @ 08/25/26 22:53:39.763&#xA;Memory: 1511.5 Gi (expected: 1512.0 Gi)&#xA;&lt; Exit [It] should report memory capacity within expected range - /uat_workspace/component/test_test.go:328 @ 08/25/26 22:53:39.763 (0s)&#xA;</system-err>
          </testcase>
          <testcase name="[It] Sanity Checks should detect correct NUMA node count [pass-fail]" classname="Component Validation Suite" status="passed" time="9.2743e-05">
              <system-err>&gt; Enter [It] should detect correct NUMA node count - /uat_workspace/component/test_test.go:344 @ 08/25/26 22:53:39.763&#xA;NUMA nodes: 2 (expected: 2)&#xA;&lt; Exit [It] should detect correct NUMA node count - /uat_workspace/component/test_test.go:344 @ 08/25/26 22:53:39.763 (0s)&#xA;</system-err>
          </testcase>
          <testcase name="[It] Compliance Checks should have FIPS mode enabled [pass-fail]" classname="Component Validation Suite" status="skipped" time="0.001426529">
              <skipped message="skipped - FIPS mode not required by cluster config"></skipped>
              <system-err>&gt; Enter [It] should have FIPS mode enabled - /uat_workspace/component/test_test.go:512 @ 08/25/26 22:53:39.763&#xA;[SKIPPED] FIPS mode not required by cluster config&#xA;In [It] at: /uat_workspace/component/test_test.go:514 @ 08/25/26 22:53:39.765&#xA;&lt; Exit [It] should have FIPS mode enabled - /uat_workspace/component/test_test.go:512 @ 08/25/26 22:53:39.765 (1ms)&#xA;</system-err>
          </testcase>
          <testcase name="[It] Ideal Configuration should report correct CUDA driver version [pass-fail]" classname="Component Validation Suite" status="passed" time="0.187651528">
              <system-err>&gt; Enter [It] should report correct CUDA driver version - /uat_workspace/component/test_test.go:363 @ 08/25/26 22:53:39.765&#xA;CUDA driver: 595.91.07 (expected: 595.91.07)&#xA;&lt; Exit [It] should report correct CUDA driver version - /uat_workspace/component/test_test.go:363 @ 08/25/26 22:53:39.952 (188ms)&#xA;</system-err>
          </testcase>
          <testcase name="[It] Ideal Configuration should have GPU power limit at expected value [pass-fail]" classname="Component Validation Suite" status="passed" time="0.192287319">
              <system-err>&gt; Enter [It] should have GPU power limit at expected value - /uat_workspace/component/test_test.go:373 @ 08/25/26 22:53:39.952&#xA;GPU power limit: 700 W (expected: 700 W)&#xA;GPU power limit: 700 W (expected: 700 W)&#xA;GPU power limit: 700 W (expected: 700 W)&#xA;GPU power limit: 700 W (expected: 700 W)&#xA;&lt; Exit [It] should have GPU power limit at expected value - /uat_workspace/component/test_test.go:373 @ 08/25/26 22:53:40.145 (192ms)&#xA;</system-err>
          </testcase>
          <testcase name="[It] Ideal Configuration should have GPU persistence mode set correctly [pass-fail]" classname="Component Validation Suite" status="passed" time="0.183424273">
              <system-err>&gt; Enter [It] should have GPU persistence mode set correctly - /uat_workspace/component/test_test.go:387 @ 08/25/26 22:53:40.145&#xA;GPU persistence mode: Enabled (expected: Enabled)&#xA;&lt; Exit [It] should have GPU persistence mode set correctly - /uat_workspace/component/test_test.go:387 @ 08/25/26 22:53:40.328 (183ms)&#xA;</system-err>
          </testcase>
          <testcase name="[It] Ideal Configuration should match expected kernel version [pass-fail]" classname="Component Validation Suite" status="passed" time="0.003246892">
              <system-err>&gt; Enter [It] should match expected kernel version - /uat_workspace/component/test_test.go:401 @ 08/25/26 22:53:40.328&#xA;Kernel: 5.14.0-570.78.1.el9_6.x86_64 (expected: 5.14.0-570.78.1.el9_6.x86_64)&#xA;&lt; Exit [It] should match expected kernel version - /uat_workspace/component/test_test.go:401 @ 08/25/26 22:53:40.331 (3ms)&#xA;</system-err>
          </testcase>
          <testcase name="[It] Ideal Configuration should have hugepages configured correctly [pass-fail]" classname="Component Validation Suite" status="failed" time="0.000239779">
              <failure message="Hugepages mismatch: 0 2Mi pages allocated but expected 4000 (= 8000Mi). Insufficient hugepages starve DPDK and RDMA-based workloads. Check the node&#39;s kernel boot parameters or the Tuned/PerformanceProfile config.&#xA;Expected&#xA;    &lt;int&gt;: 0&#xA;to equal&#xA;    &lt;int&gt;: 4000" type="failed">[FAILED] Hugepages mismatch: 0 2Mi pages allocated but expected 4000 (= 8000Mi). Insufficient hugepages starve DPDK and RDMA-based workloads. Check the node&#39;s kernel boot parameters or the Tuned/PerformanceProfile config.&#xA;Expected&#xA;    &lt;int&gt;: 0&#xA;to equal&#xA;    &lt;int&gt;: 4000&#xA;In [It] at: /uat_workspace/component/test_test.go:422 @ 08/25/26 22:53:40.332&#xA;</failure>
              <system-err>&gt; Enter [It] should have hugepages configured correctly - /uat_workspace/component/test_test.go:414 @ 08/25/26 22:53:40.331&#xA;Hugepages 2Mi: 0 pages (expected: 4000)&#xA;[FAILED] Hugepages mismatch: 0 2Mi pages allocated but expected 4000 (= 8000Mi). Insufficient hugepages starve DPDK and RDMA-based workloads. Check the node&#39;s kernel boot parameters or the Tuned/PerformanceProfile config.&#xA;Expected&#xA;    &lt;int&gt;: 0&#xA;to equal&#xA;    &lt;int&gt;: 4000&#xA;In [It] at: /uat_workspace/component/test_test.go:422 @ 08/25/26 22:53:40.332&#xA;&lt; Exit [It] should have hugepages configured correctly - /uat_workspace/component/test_test.go:414 @ 08/25/26 22:53:40.332 (0s)&#xA;</system-err>
          </testcase>
          <testcase name="[It] Ideal Configuration should have CPU frequency governor set to expected value [pass-fail]" classname="Component Validation Suite" status="passed" time="9.0803e-05">
              <system-err>&gt; Enter [It] should have CPU frequency governor set to expected value - /uat_workspace/component/test_test.go:429 @ 08/25/26 22:53:40.332&#xA;CPU freq governor: performance (expected: performance)&#xA;&lt; Exit [It] should have CPU frequency governor set to expected value - /uat_workspace/component/test_test.go:429 @ 08/25/26 22:53:40.332 (0s)&#xA;</system-err>
          </testcase>
          <testcase name="[It] Ideal Configuration should have correct CPU idle driver [pass-fail]" classname="Component Validation Suite" status="failed" time="0.000151136">
              <failure message="CPU idle driver mismatch: running &#39;none&#39; but expected &#39;acpi_idle&#39;. The idle driver controls which C-states are available. Using the wrong driver (e.g. intel_idle vs acpi_idle) can enable deep sleep states that add microseconds of wake-up latency to interrupt handling.&#xA;Expected&#xA;    &lt;string&gt;: none&#xA;to equal&#xA;    &lt;string&gt;: acpi_idle" type="failed">[FAILED] CPU idle driver mismatch: running &#39;none&#39; but expected &#39;acpi_idle&#39;. The idle driver controls which C-states are available. Using the wrong driver (e.g. intel_idle vs acpi_idle) can enable deep sleep states that add microseconds of wake-up latency to interrupt handling.&#xA;Expected&#xA;    &lt;string&gt;: none&#xA;to equal&#xA;    &lt;string&gt;: acpi_idle&#xA;In [It] at: /uat_workspace/component/test_test.go:443 @ 08/25/26 22:53:40.332&#xA;</failure>
              <system-err>&gt; Enter [It] should have correct CPU idle driver - /uat_workspace/component/test_test.go:440 @ 08/25/26 22:53:40.332&#xA;CPU idle driver: none (expected: acpi_idle)&#xA;[FAILED] CPU idle driver mismatch: running &#39;none&#39; but expected &#39;acpi_idle&#39;. The idle driver controls which C-states are available. Using the wrong driver (e.g. intel_idle vs acpi_idle) can enable deep sleep states that add microseconds of wake-up latency to interrupt handling.&#xA;Expected&#xA;    &lt;string&gt;: none&#xA;to equal&#xA;    &lt;string&gt;: acpi_idle&#xA;In [It] at: /uat_workspace/component/test_test.go:443 @ 08/25/26 22:53:40.332&#xA;&lt; Exit [It] should have correct CPU idle driver - /uat_workspace/component/test_test.go:440 @ 08/25/26 22:53:40.332 (0s)&#xA;</system-err>
          </testcase>
          <testcase name="[It] Ideal Configuration should have correct CPU idle governor [pass-fail]" classname="Component Validation Suite" status="passed" time="5.7612e-05">
              <system-err>&gt; Enter [It] should have correct CPU idle governor - /uat_workspace/component/test_test.go:451 @ 08/25/26 22:53:40.332&#xA;CPU idle governor: menu (expected: menu)&#xA;&lt; Exit [It] should have correct CPU idle governor - /uat_workspace/component/test_test.go:451 @ 08/25/26 22:53:40.332 (0s)&#xA;</system-err>
          </testcase>
          <testcase name="[It] Ideal Configuration should have only expected C-states enabled [pass-fail]" classname="Component Validation Suite" status="failed" time="0.000143905">
              <failure message="No cpuidle states found&#xA;Expected&#xA;    &lt;[]string | len:0, cap:0&gt;: nil&#xA;not to be empty" type="failed">[FAILED] No cpuidle states found&#xA;Expected&#xA;    &lt;[]string | len:0, cap:0&gt;: nil&#xA;not to be empty&#xA;In [It] at: /uat_workspace/component/test_test.go:468 @ 08/25/26 22:53:40.332&#xA;</failure>
              <system-err>&gt; Enter [It] should have only expected C-states enabled - /uat_workspace/component/test_test.go:465 @ 08/25/26 22:53:40.332&#xA;[FAILED] No cpuidle states found&#xA;Expected&#xA;    &lt;[]string | len:0, cap:0&gt;: nil&#xA;not to be empty&#xA;In [It] at: /uat_workspace/component/test_test.go:468 @ 08/25/26 22:53:40.332&#xA;&lt; Exit [It] should have only expected C-states enabled - /uat_workspace/component/test_test.go:465 @ 08/25/26 22:53:40.332 (0s)&#xA;</system-err>
          </testcase>
          <testcase name="[It] Ideal Configuration should have transparent hugepages set correctly [pass-fail]" classname="Component Validation Suite" status="failed" time="0.000158916">
              <failure message="Transparent hugepages (THP) mismatch: set to &#39;always&#39; but expected &#39;madvise&#39;. THP set to &#39;always&#39; can cause unpredictable latency spikes from background compaction (khugepaged). &#39;madvise&#39; lets applications opt in explicitly; &#39;never&#39; disables THP entirely.&#xA;Expected&#xA;    &lt;string&gt;: always&#xA;to equal&#xA;    &lt;string&gt;: madvise" type="failed">[FAILED] Transparent hugepages (THP) mismatch: set to &#39;always&#39; but expected &#39;madvise&#39;. THP set to &#39;always&#39; can cause unpredictable latency spikes from background compaction (khugepaged). &#39;madvise&#39; lets applications opt in explicitly; &#39;never&#39; disables THP entirely.&#xA;Expected&#xA;    &lt;string&gt;: always&#xA;to equal&#xA;    &lt;string&gt;: madvise&#xA;In [It] at: /uat_workspace/component/test_test.go:497 @ 08/25/26 22:53:40.332&#xA;</failure>
              <system-err>&gt; Enter [It] should have transparent hugepages set correctly - /uat_workspace/component/test_test.go:488 @ 08/25/26 22:53:40.332&#xA;Transparent hugepages: always (expected: madvise)&#xA;[FAILED] Transparent hugepages (THP) mismatch: set to &#39;always&#39; but expected &#39;madvise&#39;. THP set to &#39;always&#39; can cause unpredictable latency spikes from background compaction (khugepaged). &#39;madvise&#39; lets applications opt in explicitly; &#39;never&#39; disables THP entirely.&#xA;Expected&#xA;    &lt;string&gt;: always&#xA;to equal&#xA;    &lt;string&gt;: madvise&#xA;In [It] at: /uat_workspace/component/test_test.go:497 @ 08/25/26 22:53:40.332&#xA;&lt; Exit [It] should have transparent hugepages set correctly - /uat_workspace/component/test_test.go:488 @ 08/25/26 22:53:40.332 (0s)&#xA;</system-err>
          </testcase>
      </testsuite>
  </testsuites>