<?xml version="1.0" encoding="UTF-8"?>
  <testsuites tests="7" disabled="3" errors="0" failures="1" time="0.103266673">
      <testsuite name="Ping Cross-Namespace Connectivity Suite" package="/" tests="7" disabled="0" skipped="3" errors="0" failures="1" time="0.103266673" timestamp="2026-08-25T00:51:14">
          <properties>
              <property name="SuiteSucceeded" value="false"></property>
              <property name="SuiteHasProgrammaticFocus" value="false"></property>
              <property name="SpecialSuiteFailureReason" value=""></property>
              <property name="SuiteLabels" value="[]"></property>
              <property name="SuiteSemVerConstraints" value="[]"></property>
              <property name="SuiteComponentSemVerConstraints" value="[]"></property>
              <property name="RandomSeed" value="1787619073"></property>
              <property name="RandomizeAllSpecs" value="false"></property>
              <property name="LabelFilter" value="project-check"></property>
              <property name="SemVerFilter" value=""></property>
              <property name="FocusStrings" value=""></property>
              <property name="SkipStrings" value=""></property>
              <property name="FocusFiles" value=""></property>
              <property name="SkipFiles" value=""></property>
              <property name="FailOnPending" value="false"></property>
              <property name="FailOnEmpty" value="false"></property>
              <property name="FailFast" value="false"></property>
              <property name="FlakeAttempts" value="0"></property>
              <property name="DryRun" value="false"></property>
              <property name="ParallelTotal" value="1"></property>
              <property name="OutputInterceptorMode" value=""></property>
          </properties>
          <testcase name="[BeforeSuite]" classname="Ping Cross-Namespace Connectivity Suite" status="passed" time="9.8233e-05">
              <system-err>&gt; Enter [BeforeSuite] TOP-LEVEL - /uat_workspace/ping/test_test.go:25 @ 08/25/26 00:51:14&#xA;&lt; Exit [BeforeSuite] TOP-LEVEL - /uat_workspace/ping/test_test.go:25 @ 08/25/26 00:51:14 (0s)&#xA;</system-err>
          </testcase>
          <testcase name="[It] Project Namespace Connectivity should reach own service [project-check]" classname="Ping Cross-Namespace Connectivity Suite" status="passed" time="0.010239333">
              <system-err>&gt; Enter [It] should reach own service - /uat_workspace/ping/test_test.go:42 @ 08/25/26 00:51:14&#xA;&lt; Exit [It] should reach own service - /uat_workspace/ping/test_test.go:42 @ 08/25/26 00:51:14.01 (10ms)&#xA;</system-err>
          </testcase>
          <testcase name="[It] Project Namespace Connectivity should not reach other service by short name [project-check]" classname="Ping Cross-Namespace Connectivity Suite" status="passed" time="0.052854613">
              <system-err>&gt; Enter [It] should not reach other service by short name - /uat_workspace/ping/test_test.go:48 @ 08/25/26 00:51:14.01&#xA;&lt; Exit [It] should not reach other service by short name - /uat_workspace/ping/test_test.go:48 @ 08/25/26 00:51:14.063 (53ms)&#xA;</system-err>
          </testcase>
          <testcase name="[It] Project Namespace Connectivity should not reach other service by FQDN [project-check]" classname="Ping Cross-Namespace Connectivity Suite" status="failed" time="0.039568625">
              <failure message="other service at http://svc-t10-ping-peer-server.uat-peer.svc.cluster.local:8080 should not be reachable by FQDN&#xA;Expected&#xA;    &lt;bool&gt;: true&#xA;to be false" type="failed">[FAILED] other service at http://svc-t10-ping-peer-server.uat-peer.svc.cluster.local:8080 should not be reachable by FQDN&#xA;Expected&#xA;    &lt;bool&gt;: true&#xA;to be false&#xA;In [It] at: /uat_workspace/ping/test_test.go:56 @ 08/25/26 00:51:14.103&#xA;</failure>
              <system-err>&gt; Enter [It] should not reach other service by FQDN - /uat_workspace/ping/test_test.go:54 @ 08/25/26 00:51:14.063&#xA;[FAILED] other service at http://svc-t10-ping-peer-server.uat-peer.svc.cluster.local:8080 should not be reachable by FQDN&#xA;Expected&#xA;    &lt;bool&gt;: true&#xA;to be false&#xA;In [It] at: /uat_workspace/ping/test_test.go:56 @ 08/25/26 00:51:14.103&#xA;&lt; Exit [It] should not reach other service by FQDN - /uat_workspace/ping/test_test.go:54 @ 08/25/26 00:51:14.103 (40ms)&#xA;</system-err>
          </testcase>
          <testcase name="[It] Peer Namespace Connectivity should reach own service [peer-check]" classname="Ping Cross-Namespace Connectivity Suite" status="skipped" time="0">
              <skipped message="skipped"></skipped>
          </testcase>
          <testcase name="[It] Peer Namespace Connectivity should not reach other service by short name [peer-check]" classname="Ping Cross-Namespace Connectivity Suite" status="skipped" time="0">
              <skipped message="skipped"></skipped>
          </testcase>
          <testcase name="[It] Peer Namespace Connectivity should not reach other service by FQDN [peer-check]" classname="Ping Cross-Namespace Connectivity Suite" status="skipped" time="0">
              <skipped message="skipped"></skipped>
          </testcase>
      </testsuite>
  </testsuites>