<?xml version="1.0" encoding="UTF-8"?>
  <testsuites tests="3" disabled="0" errors="0" failures="0" time="10.027508778">
      <testsuite name="iperf3 TCP Bandwidth Test Suite" package="/" tests="3" disabled="0" skipped="0" errors="0" failures="0" time="10.027508778" timestamp="2026-08-24T23:28:30">
          <properties>
              <property name="SuiteSucceeded" value="true"></property>
              <property name="SuiteHasProgrammaticFocus" value="false"></property>
              <property name="SpecialSuiteFailureReason" value=""></property>
              <property name="SuiteLabels" value="[]"></property>
              <property name="SuiteSemVerConstraints" value="[]"></property>
              <property name="SuiteComponentSemVerConstraints" value="[]"></property>
              <property name="RandomSeed" value="1787614110"></property>
              <property name="RandomizeAllSpecs" value="false"></property>
              <property name="LabelFilter" value="pass-fail"></property>
              <property name="SemVerFilter" value=""></property>
              <property name="FocusStrings" value=""></property>
              <property name="SkipStrings" value=""></property>
              <property name="FocusFiles" value=""></property>
              <property name="SkipFiles" value=""></property>
              <property name="FailOnPending" value="false"></property>
              <property name="FailOnEmpty" value="false"></property>
              <property name="FailFast" value="false"></property>
              <property name="FlakeAttempts" value="0"></property>
              <property name="DryRun" value="false"></property>
              <property name="ParallelTotal" value="1"></property>
              <property name="OutputInterceptorMode" value=""></property>
          </properties>
          <testcase name="[BeforeSuite]" classname="iperf3 TCP Bandwidth Test Suite" status="passed" time="9.5404e-05">
              <system-err>&gt; Enter [BeforeSuite] TOP-LEVEL - /uat_workspace/iperf3/test_test.go:39 @ 08/24/26 23:28:30.334&#xA;Server: svc-t3-iperf3-set1-iperf-server&#xA;Results: /uat_workspace&#xA;&lt; Exit [BeforeSuite] TOP-LEVEL - /uat_workspace/iperf3/test_test.go:39 @ 08/24/26 23:28:30.334 (0s)&#xA;</system-err>
          </testcase>
          <testcase name="[It] iperf3 TCP Bandwidth Server Connectivity should be reachable on port 5201 [pass-fail]" classname="iperf3 TCP Bandwidth Test Suite" status="passed" time="0.013376132">
              <system-err>&gt; Enter [It] should be reachable on port 5201 - /uat_workspace/iperf3/test_test.go:53 @ 08/24/26 23:28:30.334&#xA;&lt; Exit [It] should be reachable on port 5201 - /uat_workspace/iperf3/test_test.go:53 @ 08/24/26 23:28:30.348 (13ms)&#xA;</system-err>
          </testcase>
          <testcase name="[It] iperf3 TCP Bandwidth Bandwidth Measurement should measure non-zero TCP bandwidth [pass-fail]" classname="iperf3 TCP Bandwidth Test Suite" status="passed" time="10.013251467">
              <system-err>&gt; Enter [It] should measure non-zero TCP bandwidth - /uat_workspace/iperf3/test_test.go:62 @ 08/24/26 23:28:30.348&#xA;iperf3 output:&#xA;{&#xA;&#x9;&#34;start&#34;:&#x9;{&#xA;&#x9;&#x9;&#34;connected&#34;:&#x9;[{&#xA;&#x9;&#x9;&#x9;&#x9;&#34;socket&#34;:&#x9;5,&#xA;&#x9;&#x9;&#x9;&#x9;&#34;local_host&#34;:&#x9;&#34;10.135.0.107&#34;,&#xA;&#x9;&#x9;&#x9;&#x9;&#34;local_port&#34;:&#x9;41386,&#xA;&#x9;&#x9;&#x9;&#x9;&#34;remote_host&#34;:&#x9;&#34;10.132.2.115&#34;,&#xA;&#x9;&#x9;&#x9;&#x9;&#34;remote_port&#34;:&#x9;5201&#xA;&#x9;&#x9;&#x9;}],&#xA;&#x9;&#x9;&#34;version&#34;:&#x9;&#34;iperf 3.21&#34;,&#xA;&#x9;&#x9;&#34;system_info&#34;:&#x9;&#34;Linux t3-iperf3-set1-iperf-client 5.14.0-570.78.1.el9_6.x86_64 #1 SMP PREEMPT_DYNAMIC Wed Jan 7 20:22:13 EST 2026 x86_64&#34;,&#xA;&#x9;&#x9;&#34;timestamp&#34;:&#x9;{&#xA;&#x9;&#x9;&#x9;&#34;time&#34;:&#x9;&#34;Mon, 24 Aug 2026 23:28:30 GMT&#34;,&#xA;&#x9;&#x9;&#x9;&#34;timesecs&#34;:&#x9;1787614110,&#xA;&#x9;&#x9;&#x9;&#34;timemillisecs&#34;:&#x9;1787614110353&#xA;&#x9;&#x9;},&#xA;&#x9;&#x9;&#34;connecting_to&#34;:&#x9;{&#xA;&#x9;&#x9;&#x9;&#34;host&#34;:&#x9;&#34;svc-t3-iperf3-set1-iperf-server&#34;,&#xA;&#x9;&#x9;&#x9;&#34;port&#34;:&#x9;5201&#xA;&#x9;&#x9;},&#xA;&#x9;&#x9;&#34;cookie&#34;:&#x9;&#34;2rv2ghnpot7ipjcjx6jjldqafiji2ogw7q2a&#34;,&#xA;&#x9;&#x9;&#34;tcp_mss_default&#34;:&#x9;8848,&#xA;&#x9;&#x9;&#34;target_bitrate&#34;:&#x9;0,&#xA;&#x9;&#x9;&#34;fq_rate&#34;:&#x9;0,&#xA;&#x9;&#x9;&#34;sock_bufsize&#34;:&#x9;0,&#xA;&#x9;&#x9;&#34;sndbuf_actual&#34;:&#x9;16384,&#xA;&#x9;&#x9;&#34;rcvbuf_actual&#34;:&#x9;131072,&#xA;&#x9;&#x9;&#34;test_start&#34;:&#x9;{&#xA;&#x9;&#x9;&#x9;&#34;protocol&#34;:&#x9;&#34;TCP&#34;,&#xA;&#x9;&#x9;&#x9;&#34;num_streams&#34;:&#x9;1,&#xA;&#x9;&#x9;&#x9;&#34;blksize&#34;:&#x9;131072,&#xA;&#x9;&#x9;&#x9;&#34;omit&#34;:&#x9;0,&#xA;&#x9;&#x9;&#x9;&#34;duration&#34;:&#x9;10,&#xA;&#x9;&#x9;&#x9;&#34;bytes&#34;:&#x9;0,&#xA;&#x9;&#x9;&#x9;&#34;blocks&#34;:&#x9;0,&#xA;&#x9;&#x9;&#x9;&#34;reverse&#34;:&#x9;0,&#xA;&#x9;&#x9;&#x9;&#34;tos&#34;:&#x9;0,&#xA;&#x9;&#x9;&#x9;&#34;target_bitrate&#34;:&#x9;0,&#xA;&#x9;&#x9;&#x9;&#34;bidir&#34;:&#x9;0,&#xA;&#x9;&#x9;&#x9;&#34;fqrate&#34;:&#x9;0,&#xA;&#x9;&#x9;&#x9;&#34;interval&#34;:&#x9;1,&#xA;&#x9;&#x9;&#x9;&#34;gso&#34;:&#x9;0,&#xA;&#x9;&#x9;&#x9;&#34;gro&#34;:&#x9;0&#xA;&#x9;&#x9;}&#xA;&#x9;},&#xA;&#x9;&#34;intervals&#34;:&#x9;[{&#xA;&#x9;&#x9;&#x9;&#34;streams&#34;:&#x9;[{&#xA;&#x9;&#x9;&#x9;&#x9;&#x9;&#34;socket&#34;:&#x9;5,&#xA;&#x9;&#x9;&#x9;&#x9;&#x9;&#34;start&#34;:&#x9;0,&#xA;&#x9;&#x9;&#x9;&#x9;&#x9;&#34;end&#34;:&#x9;1.001046,&#xA;&#x9;&#x9;&#x9;&#x9;&#x9;&#34;seconds&#34;:&#x9;1.0010459423065186,&#xA;&#x9;&#x9;&#x9;&#x9;&#x9;&#34;bytes&#34;:&#x9;1455292416,&#xA;&#x9;&#x9;&#x9;&#x9;&#x9;&#34;bits_per_second&#34;:&#x9;11630174836.106709,&#xA;&#x9;&#x9;&#x9;&#x9;&#x9;&#34;retransmits&#34;:&#x9;47,&#xA;&#x9;&#x9;&#x9;&#x9;&#x9;&#34;snd_cwnd&#34;:&#x9;3087952,&#xA;&#x9;&#x9;&#x9;&#x9;&#x9;&#34;snd_wnd&#34;:&#x9;5311104,&#xA;&#x9;&#x9;&#x9;&#x9;&#x9;&#34;rtt&#34;:&#x9;2055,&#xA;&#x9;&#x9;&#x9;&#x9;&#x9;&#34;rttvar&#34;:&#x9;61,&#xA;&#x9;&#x9;&#x9;&#x9;&#x9;&#34;pmtu&#34;:&#x9;8900,&#xA;&#x9;&#x9;&#x9;&#x9;&#x9;&#34;reorder&#34;:&#x9;1453,&#xA;&#x9;&#x9;&#x9;&#x9;&#x9;&#34;omitted&#34;:&#x9;false,&#xA;&#x9;&#x9;&#x9;&#x9;&#x9;&#34;sender&#34;:&#x9;true&#xA;&#x9;&#x9;&#x9;&#x9;}],&#xA;&#x9;&#x9;&#x9;&#34;sum&#34;:&#x9;{&#xA;&#x9;&#x9;&#x9;&#x9;&#34;start&#34;:&#x9;0,&#xA;&#x9;&#x9;&#x9;&#x9;&#34;end&#34;:&#x9;1.001046,&#xA;&#x9;&#x9;&#x9;&#x9;&#34;seconds&#34;:&#x9;1.0010459423065186,&#xA;&#x9;&#x9;&#x9;&#x9;&#34;bytes&#34;:&#x9;1455292416,&#xA;&#x9;&#x9;&#x9;&#x9;&#34;bits_per_second&#34;:&#x9;11630174836.106709,&#xA;&#x9;&#x9;&#x9;&#x9;&#34;retransmits&#34;:&#x9;47,&#xA;&#x9;&#x9;&#x9;&#x9;&#34;omitted&#34;:&#x9;false,&#xA;&#x9;&#x9;&#x9;&#x9;&#34;sender&#34;:&#x9;true&#xA;&#x9;&#x9;&#x9;}&#xA;&#x9;&#x9;}, {&#xA;&#x9;&#x9;&#x9;&#34;streams&#34;:&#x9;[{&#xA;&#x9;&#x9;&#x9;&#x9;&#x9;&#34;socket&#34;:&#x9;5,&#xA;&#x9;&#x9;&#x9;&#x9;&#x9;&#34;start&#34;:&#x9;1.001046,&#xA;&#x9;&#x9;&#x9;&#x9;&#x9;&#34;end&#34;:&#x9;2.00102,&#xA;&#x9;&#x9;&#x9;&#x9;&#x9;&#34;seconds&#34;:&#x9;0.999974012374878,&#xA;&#x9;&#x9;&#x9;&#x9;&#x9;&#34;bytes&#34;:&#x9;1439563776,&#xA;&#x9;&#x9;&#x9;&#x9;&#x9;&#34;bits_per_second&#34;:&#x9;11516809502.527954,&#xA;&#x9;&#x9;&#x9;&#x9;&#x9;&#34;retransmits&#34;:&#x9;29,&#xA;&#x9;&#x9;&#x9;&#x9;&#x9;&#34;snd_cwnd&#34;:&#x9;4096624,&#xA;&#x9;&#x9;&#x9;&#x9;&#x9;&#34;snd_wnd&#34;:&#x9;4930560,&#xA;&#x9;&#x9;&#x9;&#x9;&#x9;&#34;rtt&#34;:&#x9;2345,&#xA;&#x9;&#x9;&#x9;&#x9;&#x9;&#34;rttvar&#34;:&#x9;112,&#xA;&#x9;&#x9;&#x9;&#x9;&#x9;&#34;pmtu&#34;:&#x9;8900,&#xA;&#x9;&#x9;&#x9;&#x9;&#x9;&#34;reorder&#34;:&#x9;7124,&#xA;&#x9;&#x9;&#x9;&#x9;&#x9;&#34;omitted&#34;:&#x9;false,&#xA;&#x9;&#x9;&#x9;&#x9;&#x9;&#34;sender&#34;:&#x9;true&#xA;&#x9;&#x9;&#x9;&#x9;}],&#xA;&#x9;&#x9;&#x9;&#34;sum&#34;:&#x9;{&#xA;&#x9;&#x9;&#x9;&#x9;&#34;start&#34;:&#x9;1.001046,&#xA;&#x9;&#x9;&#x9;&#x9;&#34;end&#34;:&#x9;2.00102,&#xA;&#x9;&#x9;&#x9;&#x9;&#34;seconds&#34;:&#x9;0.999974012374878,&#xA;&#x9;&#x9;&#x9;&#x9;&#34;bytes&#34;:&#x9;1439563776,&#xA;&#x9;&#x9;&#x9;&#x9;&#34;bits_per_second&#34;:&#x9;11516809502.527954,&#xA;&#x9;&#x9;&#x9;&#x9;&#34;retransmits&#34;:&#x9;29,&#xA;&#x9;&#x9;&#x9;&#x9;&#34;omitted&#34;:&#x9;false,&#xA;&#x9;&#x9;&#x9;&#x9;&#34;sender&#34;:&#x9;true&#xA;&#x9;&#x9;&#x9;}&#xA;&#x9;&#x9;}, {&#xA;&#x9;&#x9;&#x9;&#34;streams&#34;:&#x9;[{&#xA;&#x9;&#x9;&#x9;&#x9;&#x9;&#34;socket&#34;:&#x9;5,&#xA;&#x9;&#x9;&#x9;&#x9;&#x9;&#34;start&#34;:&#x9;2.00102,&#xA;&#x9;&#x9;&#x9;&#x9;&#x9;&#34;end&#34;:&#x9;3.001039,&#xA;&#x9;&#x9;&#x9;&#x9;&#x9;&#34;seconds&#34;:&#x9;1.0000189542770386,&#xA;&#x9;&#x9;&#x9;&#x9;&#x9;&#34;bytes&#34;:&#x9;1422131200,&#xA;&#x9;&#x9;&#x9;&#x9;&#x9;&#34;bits_per_second&#34;:&#x9;11376833960.337294,&#xA;&#x9;&#x9;&#x9;&#x9;&#x9;&#34;retransmits&#34;:&#x9;6,&#xA;&#x9;&#x9;&#x9;&#x9;&#x9;&#34;snd_cwnd&#34;:&#x9;4158560,&#xA;&#x9;&#x9;&#x9;&#x9;&#x9;&#34;snd_wnd&#34;:&#x9;4965760,&#xA;&#x9;&#x9;&#x9;&#x9;&#x9;&#34;rtt&#34;:&#x9;2507,&#xA;&#x9;&#x9;&#x9;&#x9;&#x9;&#34;rttvar&#34;:&#x9;208,&#xA;&#x9;&#x9;&#x9;&#x9;&#x9;&#34;pmtu&#34;:&#x9;8900,&#xA;&#x9;&#x9;&#x9;&#x9;&#x9;&#34;reorder&#34;:&#x9;16329,&#xA;&#x9;&#x9;&#x9;&#x9;&#x9;&#34;omitted&#34;:&#x9;false,&#xA;&#x9;&#x9;&#x9;&#x9;&#x9;&#34;sender&#34;:&#x9;true&#xA;&#x9;&#x9;&#x9;&#x9;}],&#xA;&#x9;&#x9;&#x9;&#34;sum&#34;:&#x9;{&#xA;&#x9;&#x9;&#x9;&#x9;&#34;start&#34;:&#x9;2.00102,&#xA;&#x9;&#x9;&#x9;&#x9;&#34;end&#34;:&#x9;3.001039,&#xA;&#x9;&#x9;&#x9;&#x9;&#34;seconds&#34;:&#x9;1.0000189542770386,&#xA;&#x9;&#x9;&#x9;&#x9;&#34;bytes&#34;:&#x9;1422131200,&#xA;&#x9;&#x9;&#x9;&#x9;&#34;bits_per_second&#34;:&#x9;11376833960.337294,&#xA;&#x9;&#x9;&#x9;&#x9;&#34;retransmits&#34;:&#x9;6,&#xA;&#x9;&#x9;&#x9;&#x9;&#34;omitted&#34;:&#x9;false,&#xA;&#x9;&#x9;&#x9;&#x9;&#34;sender&#34;:&#x9;true&#xA;&#x9;&#x9;&#x9;}&#xA;&#x9;&#x9;}, {&#xA;&#x9;&#x9;&#x9;&#34;streams&#34;:&#x9;[{&#xA;&#x9;&#x9;&#x9;&#x9;&#x9;&#34;socket&#34;:&#x9;5,&#xA;&#x9;&#x9;&#x9;&#x9;&#x9;&#34;start&#34;:&#x9;3.001039,&#xA;&#x9;&#x9;&#x9;&#x9;&#x9;&#34;end&#34;:&#x9;4.001044,&#xA;&#x9;&#x9;&#x9;&#x9;&#x9;&#34;seconds&#34;:&#x9;1.0000050067901611,&#xA;&#x9;&#x9;&#x9;&#x9;&#x9;&#34;bytes&#34;:&#x9;1444020224,&#xA;&#x9;&#x9;&#x9;&#x9;&#x9;&#34;bits_per_second&#34;:&#x9;11552103953.039587,&#xA;&#x9;&#x9;&#x9;&#x9;&#x9;&#34;retransmits&#34;:&#x9;7,&#xA;&#x9;&#x9;&#x9;&#x9;&#x9;&#34;snd_cwnd&#34;:&#x9;4167408,&#xA;&#x9;&#x9;&#x9;&#x9;&#x9;&#34;snd_wnd&#34;:&#x9;4985600,&#xA;&#x9;&#x9;&#x9;&#x9;&#x9;&#34;rtt&#34;:&#x9;2303,&#xA;&#x9;&#x9;&#x9;&#x9;&#x9;&#34;rttvar&#34;:&#x9;137,&#xA;&#x9;&#x9;&#x9;&#x9;&#x9;&#34;pmtu&#34;:&#x9;8900,&#xA;&#x9;&#x9;&#x9;&#x9;&#x9;&#34;reorder&#34;:&#x9;21726,&#xA;&#x9;&#x9;&#x9;&#x9;&#x9;&#34;omitted&#34;:&#x9;false,&#xA;&#x9;&#x9;&#x9;&#x9;&#x9;&#34;sender&#34;:&#x9;true&#xA;&#x9;&#x9;&#x9;&#x9;}],&#xA;&#x9;&#x9;&#x9;&#34;sum&#34;:&#x9;{&#xA;&#x9;&#x9;&#x9;&#x9;&#34;start&#34;:&#x9;3.001039,&#xA;&#x9;&#x9;&#x9;&#x9;&#34;end&#34;:&#x9;4.001044,&#xA;&#x9;&#x9;&#x9;&#x9;&#34;seconds&#34;:&#x9;1.0000050067901611,&#xA;&#x9;&#x9;&#x9;&#x9;&#34;bytes&#34;:&#x9;1444020224,&#xA;&#x9;&#x9;&#x9;&#x9;&#34;bits_per_second&#34;:&#x9;11552103953.039587,&#xA;&#x9;&#x9;&#x9;&#x9;&#34;retransmits&#34;:&#x9;7,&#xA;&#x9;&#x9;&#x9;&#x9;&#34;omitted&#34;:&#x9;false,&#xA;&#x9;&#x9;&#x9;&#x9;&#34;sender&#34;:&#x9;true&#xA;&#x9;&#x9;&#x9;}&#xA;&#x9;&#x9;}, {&#xA;&#x9;&#x9;&#x9;&#34;streams&#34;:&#x9;[{&#xA;&#x9;&#x9;&#x9;&#x9;&#x9;&#34;socket&#34;:&#x9;5,&#xA;&#x9;&#x9;&#x9;&#x9;&#x9;&#34;start&#34;:&#x9;4.001044,&#xA;&#x9;&#x9;&#x9;&#x9;&#x9;&#34;end&#34;:&#x9;5.001063,&#xA;&#x9;&#x9;&#x9;&#x9;&#x9;&#34;seconds&#34;:&#x9;1.0000189542770386,&#xA;&#x9;&#x9;&#x9;&#x9;&#x9;&#34;bytes&#34;:&#x9;1449525248,&#xA;&#x9;&#x9;&#x9;&#x9;&#x9;&#34;bits_per_second&#34;:&#x9;11595982190.541025,&#xA;&#x9;&#x9;&#x9;&#x9;&#x9;&#34;retransmits&#34;:&#x9;1,&#xA;&#x9;&#x9;&#x9;&#x9;&#x9;&#34;snd_cwnd&#34;:&#x9;4202800,&#xA;&#x9;&#x9;&#x9;&#x9;&#x9;&#34;snd_wnd&#34;:&#x9;4992512,&#xA;&#x9;&#x9;&#x9;&#x9;&#x9;&#34;rtt&#34;:&#x9;2477,&#xA;&#x9;&#x9;&#x9;&#x9;&#x9;&#34;rttvar&#34;:&#x9;133,&#xA;&#x9;&#x9;&#x9;&#x9;&#x9;&#34;pmtu&#34;:&#x9;8900,&#xA;&#x9;&#x9;&#x9;&#x9;&#x9;&#34;reorder&#34;:&#x9;27705,&#xA;&#x9;&#x9;&#x9;&#x9;&#x9;&#34;omitted&#34;:&#x9;false,&#xA;&#x9;&#x9;&#x9;&#x9;&#x9;&#34;sender&#34;:&#x9;true&#xA;&#x9;&#x9;&#x9;&#x9;}],&#xA;&#x9;&#x9;&#x9;&#34;sum&#34;:&#x9;{&#xA;&#x9;&#x9;&#x9;&#x9;&#34;start&#34;:&#x9;4.001044,&#xA;&#x9;&#x9;&#x9;&#x9;&#34;end&#34;:&#x9;5.001063,&#xA;&#x9;&#x9;&#x9;&#x9;&#34;seconds&#34;:&#x9;1.0000189542770386,&#xA;&#x9;&#x9;&#x9;&#x9;&#34;bytes&#34;:&#x9;1449525248,&#xA;&#x9;&#x9;&#x9;&#x9;&#34;bits_per_second&#34;:&#x9;11595982190.541025,&#xA;&#x9;&#x9;&#x9;&#x9;&#34;retransmits&#34;:&#x9;1,&#xA;&#x9;&#x9;&#x9;&#x9;&#34;omitted&#34;:&#x9;false,&#xA;&#x9;&#x9;&#x9;&#x9;&#34;sender&#34;:&#x9;true&#xA;&#x9;&#x9;&#x9;}&#xA;&#x9;&#x9;}, {&#xA;&#x9;&#x9;&#x9;&#34;streams&#34;:&#x9;[{&#xA;&#x9;&#x9;&#x9;&#x9;&#x9;&#34;socket&#34;:&#x9;5,&#xA;&#x9;&#x9;&#x9;&#x9;&#x9;&#34;start&#34;:&#x9;5.001063,&#xA;&#x9;&#x9;&#x9;&#x9;&#x9;&#34;end&#34;:&#x9;6.001044,&#xA;&#x9;&#x9;&#x9;&#x9;&#x9;&#34;seconds&#34;:&#x9;0.99998098611831665,&#xA;&#x9;&#x9;&#x9;&#x9;&#x9;&#34;bytes&#34;:&#x9;1426063360,&#xA;&#x9;&#x9;&#x9;&#x9;&#x9;&#34;bits_per_second&#34;:&#x9;11408723804.124569,&#xA;&#x9;&#x9;&#x9;&#x9;&#x9;&#34;retransmits&#34;:&#x9;4,&#xA;&#x9;&#x9;&#x9;&#x9;&#x9;&#34;snd_cwnd&#34;:&#x9;4211648,&#xA;&#x9;&#x9;&#x9;&#x9;&#x9;&#34;snd_wnd&#34;:&#x9;5302144,&#xA;&#x9;&#x9;&#x9;&#x9;&#x9;&#34;rtt&#34;:&#x9;2469,&#xA;&#x9;&#x9;&#x9;&#x9;&#x9;&#34;rttvar&#34;:&#x9;260,&#xA;&#x9;&#x9;&#x9;&#x9;&#x9;&#34;pmtu&#34;:&#x9;8900,&#xA;&#x9;&#x9;&#x9;&#x9;&#x9;&#34;reorder&#34;:&#x9;35617,&#xA;&#x9;&#x9;&#x9;&#x9;&#x9;&#34;omitted&#34;:&#x9;false,&#xA;&#x9;&#x9;&#x9;&#x9;&#x9;&#34;sender&#34;:&#x9;true&#xA;&#x9;&#x9;&#x9;&#x9;}],&#xA;&#x9;&#x9;&#x9;&#34;sum&#34;:&#x9;{&#xA;&#x9;&#x9;&#x9;&#x9;&#34;start&#34;:&#x9;5.001063,&#xA;&#x9;&#x9;&#x9;&#x9;&#34;end&#34;:&#x9;6.001044,&#xA;&#x9;&#x9;&#x9;&#x9;&#34;seconds&#34;:&#x9;0.99998098611831665,&#xA;&#x9;&#x9;&#x9;&#x9;&#34;bytes&#34;:&#x9;1426063360,&#xA;&#x9;&#x9;&#x9;&#x9;&#34;bits_per_second&#34;:&#x9;11408723804.124569,&#xA;&#x9;&#x9;&#x9;&#x9;&#34;retransmits&#34;:&#x9;4,&#xA;&#x9;&#x9;&#x9;&#x9;&#34;omitted&#34;:&#x9;false,&#xA;&#x9;&#x9;&#x9;&#x9;&#34;sender&#34;:&#x9;true&#xA;&#x9;&#x9;&#x9;}&#xA;&#x9;&#x9;}, {&#xA;&#x9;&#x9;&#x9;&#34;streams&#34;:&#x9;[{&#xA;&#x9;&#x9;&#x9;&#x9;&#x9;&#34;socket&#34;:&#x9;5,&#xA;&#x9;&#x9;&#x9;&#x9;&#x9;&#34;start&#34;:&#x9;6.001044,&#xA;&#x9;&#x9;&#x9;&#x9;&#x9;&#34;end&#34;:&#x9;7.001042,&#xA;&#x9;&#x9;&#x9;&#x9;&#x9;&#34;seconds&#34;:&#x9;0.99999797344207764,&#xA;&#x9;&#x9;&#x9;&#x9;&#x9;&#34;bytes&#34;:&#x9;1425539072,&#xA;&#x9;&#x9;&#x9;&#x9;&#x9;&#34;bits_per_second&#34;:&#x9;11404335687.546837,&#xA;&#x9;&#x9;&#x9;&#x9;&#x9;&#34;retransmits&#34;:&#x9;17,&#xA;&#x9;&#x9;&#x9;&#x9;&#x9;&#34;snd_cwnd&#34;:&#x9;3034864,&#xA;&#x9;&#x9;&#x9;&#x9;&#x9;&#34;snd_wnd&#34;:&#x9;5443456,&#xA;&#x9;&#x9;&#x9;&#x9;&#x9;&#34;rtt&#34;:&#x9;2072,&#xA;&#x9;&#x9;&#x9;&#x9;&#x9;&#34;rttvar&#34;:&#x9;72,&#xA;&#x9;&#x9;&#x9;&#x9;&#x9;&#34;pmtu&#34;:&#x9;8900,&#xA;&#x9;&#x9;&#x9;&#x9;&#x9;&#34;reorder&#34;:&#x9;43321,&#xA;&#x9;&#x9;&#x9;&#x9;&#x9;&#34;omitted&#34;:&#x9;false,&#xA;&#x9;&#x9;&#x9;&#x9;&#x9;&#34;sender&#34;:&#x9;true&#xA;&#x9;&#x9;&#x9;&#x9;}],&#xA;&#x9;&#x9;&#x9;&#34;sum&#34;:&#x9;{&#xA;&#x9;&#x9;&#x9;&#x9;&#34;start&#34;:&#x9;6.001044,&#xA;&#x9;&#x9;&#x9;&#x9;&#34;end&#34;:&#x9;7.001042,&#xA;&#x9;&#x9;&#x9;&#x9;&#34;seconds&#34;:&#x9;0.99999797344207764,&#xA;&#x9;&#x9;&#x9;&#x9;&#34;bytes&#34;:&#x9;1425539072,&#xA;&#x9;&#x9;&#x9;&#x9;&#34;bits_per_second&#34;:&#x9;11404335687.546837,&#xA;&#x9;&#x9;&#x9;&#x9;&#34;retransmits&#34;:&#x9;17,&#xA;&#x9;&#x9;&#x9;&#x9;&#34;omitted&#34;:&#x9;false,&#xA;&#x9;&#x9;&#x9;&#x9;&#34;sender&#34;:&#x9;true&#xA;&#x9;&#x9;&#x9;}&#xA;&#x9;&#x9;}, {&#xA;&#x9;&#x9;&#x9;&#34;streams&#34;:&#x9;[{&#xA;&#x9;&#x9;&#x9;&#x9;&#x9;&#34;socket&#34;:&#x9;5,&#xA;&#x9;&#x9;&#x9;&#x9;&#x9;&#34;start&#34;:&#x9;7.001042,&#xA;&#x9;&#x9;&#x9;&#x9;&#x9;&#34;end&#34;:&#x9;8.000275,&#xA;&#x9;&#x9;&#x9;&#x9;&#x9;&#34;seconds&#34;:&#x9;0.99923300743103027,&#xA;&#x9;&#x9;&#x9;&#x9;&#x9;&#34;bytes&#34;:&#x9;1435500544,&#xA;&#x9;&#x9;&#x9;&#x9;&#x9;&#34;bits_per_second&#34;:&#x9;11492819258.968142,&#xA;&#x9;&#x9;&#x9;&#x9;&#x9;&#34;retransmits&#34;:&#x9;0,&#xA;&#x9;&#x9;&#x9;&#x9;&#x9;&#34;snd_cwnd&#34;:&#x9;4185104,&#xA;&#x9;&#x9;&#x9;&#x9;&#x9;&#34;snd_wnd&#34;:&#x9;4930944,&#xA;&#x9;&#x9;&#x9;&#x9;&#x9;&#34;rtt&#34;:&#x9;2461,&#xA;&#x9;&#x9;&#x9;&#x9;&#x9;&#34;rttvar&#34;:&#x9;135,&#xA;&#x9;&#x9;&#x9;&#x9;&#x9;&#34;pmtu&#34;:&#x9;8900,&#xA;&#x9;&#x9;&#x9;&#x9;&#x9;&#34;reorder&#34;:&#x9;50479,&#xA;&#x9;&#x9;&#x9;&#x9;&#x9;&#34;omitted&#34;:&#x9;false,&#xA;&#x9;&#x9;&#x9;&#x9;&#x9;&#34;sender&#34;:&#x9;true&#xA;&#x9;&#x9;&#x9;&#x9;}],&#xA;&#x9;&#x9;&#x9;&#34;sum&#34;:&#x9;{&#xA;&#x9;&#x9;&#x9;&#x9;&#34;start&#34;:&#x9;7.001042,&#xA;&#x9;&#x9;&#x9;&#x9;&#34;end&#34;:&#x9;8.000275,&#xA;&#x9;&#x9;&#x9;&#x9;&#34;seconds&#34;:&#x9;0.99923300743103027,&#xA;&#x9;&#x9;&#x9;&#x9;&#34;bytes&#34;:&#x9;1435500544,&#xA;&#x9;&#x9;&#x9;&#x9;&#34;bits_per_second&#34;:&#x9;11492819258.968142,&#xA;&#x9;&#x9;&#x9;&#x9;&#34;retransmits&#34;:&#x9;0,&#xA;&#x9;&#x9;&#x9;&#x9;&#34;omitted&#34;:&#x9;false,&#xA;&#x9;&#x9;&#x9;&#x9;&#34;sender&#34;:&#x9;true&#xA;&#x9;&#x9;&#x9;}&#xA;&#x9;&#x9;}, {&#xA;&#x9;&#x9;&#x9;&#34;streams&#34;:&#x9;[{&#xA;&#x9;&#x9;&#x9;&#x9;&#x9;&#34;socket&#34;:&#x9;5,&#xA;&#x9;&#x9;&#x9;&#x9;&#x9;&#34;start&#34;:&#x9;8.000275,&#xA;&#x9;&#x9;&#x9;&#x9;&#x9;&#34;end&#34;:&#x9;9.001039,&#xA;&#x9;&#x9;&#x9;&#x9;&#x9;&#34;seconds&#34;:&#x9;1.000764012336731,&#xA;&#x9;&#x9;&#x9;&#x9;&#x9;&#34;bytes&#34;:&#x9;1387134976,&#xA;&#x9;&#x9;&#x9;&#x9;&#x9;&#34;bits_per_second&#34;:&#x9;11088607974.710148,&#xA;&#x9;&#x9;&#x9;&#x9;&#x9;&#34;retransmits&#34;:&#x9;3,&#xA;&#x9;&#x9;&#x9;&#x9;&#x9;&#34;snd_cwnd&#34;:&#x9;4202800,&#xA;&#x9;&#x9;&#x9;&#x9;&#x9;&#34;snd_wnd&#34;:&#x9;4974720,&#xA;&#x9;&#x9;&#x9;&#x9;&#x9;&#34;rtt&#34;:&#x9;2262,&#xA;&#x9;&#x9;&#x9;&#x9;&#x9;&#34;rttvar&#34;:&#x9;294,&#xA;&#x9;&#x9;&#x9;&#x9;&#x9;&#34;pmtu&#34;:&#x9;8900,&#xA;&#x9;&#x9;&#x9;&#x9;&#x9;&#34;reorder&#34;:&#x9;58440,&#xA;&#x9;&#x9;&#x9;&#x9;&#x9;&#34;omitted&#34;:&#x9;false,&#xA;&#x9;&#x9;&#x9;&#x9;&#x9;&#34;sender&#34;:&#x9;true&#xA;&#x9;&#x9;&#x9;&#x9;}],&#xA;&#x9;&#x9;&#x9;&#34;sum&#34;:&#x9;{&#xA;&#x9;&#x9;&#x9;&#x9;&#34;start&#34;:&#x9;8.000275,&#xA;&#x9;&#x9;&#x9;&#x9;&#34;end&#34;:&#x9;9.001039,&#xA;&#x9;&#x9;&#x9;&#x9;&#34;seconds&#34;:&#x9;1.000764012336731,&#xA;&#x9;&#x9;&#x9;&#x9;&#34;bytes&#34;:&#x9;1387134976,&#xA;&#x9;&#x9;&#x9;&#x9;&#34;bits_per_second&#34;:&#x9;11088607974.710148,&#xA;&#x9;&#x9;&#x9;&#x9;&#34;retransmits&#34;:&#x9;3,&#xA;&#x9;&#x9;&#x9;&#x9;&#34;omitted&#34;:&#x9;false,&#xA;&#x9;&#x9;&#x9;&#x9;&#34;sender&#34;:&#x9;true&#xA;&#x9;&#x9;&#x9;}&#xA;&#x9;&#x9;}, {&#xA;&#x9;&#x9;&#x9;&#34;streams&#34;:&#x9;[{&#xA;&#x9;&#x9;&#x9;&#x9;&#x9;&#34;socket&#34;:&#x9;5,&#xA;&#x9;&#x9;&#x9;&#x9;&#x9;&#34;start&#34;:&#x9;9.001039,&#xA;&#x9;&#x9;&#x9;&#x9;&#x9;&#34;end&#34;:&#x9;10.00156,&#xA;&#x9;&#x9;&#x9;&#x9;&#x9;&#34;seconds&#34;:&#x9;1.0005209445953369,&#xA;&#x9;&#x9;&#x9;&#x9;&#x9;&#34;bytes&#34;:&#x9;1390542848,&#xA;&#x9;&#x9;&#x9;&#x9;&#x9;&#34;bits_per_second&#34;:&#x9;11118550635.138645,&#xA;&#x9;&#x9;&#x9;&#x9;&#x9;&#34;retransmits&#34;:&#x9;1,&#xA;&#x9;&#x9;&#x9;&#x9;&#x9;&#34;snd_cwnd&#34;:&#x9;4202800,&#xA;&#x9;&#x9;&#x9;&#x9;&#x9;&#34;snd_wnd&#34;:&#x9;5355264,&#xA;&#x9;&#x9;&#x9;&#x9;&#x9;&#34;rtt&#34;:&#x9;2975,&#xA;&#x9;&#x9;&#x9;&#x9;&#x9;&#34;rttvar&#34;:&#x9;117,&#xA;&#x9;&#x9;&#x9;&#x9;&#x9;&#34;pmtu&#34;:&#x9;8900,&#xA;&#x9;&#x9;&#x9;&#x9;&#x9;&#34;reorder&#34;:&#x9;66713,&#xA;&#x9;&#x9;&#x9;&#x9;&#x9;&#34;omitted&#34;:&#x9;false,&#xA;&#x9;&#x9;&#x9;&#x9;&#x9;&#34;sender&#34;:&#x9;true&#xA;&#x9;&#x9;&#x9;&#x9;}],&#xA;&#x9;&#x9;&#x9;&#34;sum&#34;:&#x9;{&#xA;&#x9;&#x9;&#x9;&#x9;&#34;start&#34;:&#x9;9.001039,&#xA;&#x9;&#x9;&#x9;&#x9;&#34;end&#34;:&#x9;10.00156,&#xA;&#x9;&#x9;&#x9;&#x9;&#34;seconds&#34;:&#x9;1.0005209445953369,&#xA;&#x9;&#x9;&#x9;&#x9;&#34;bytes&#34;:&#x9;1390542848,&#xA;&#x9;&#x9;&#x9;&#x9;&#34;bits_per_second&#34;:&#x9;11118550635.138645,&#xA;&#x9;&#x9;&#x9;&#x9;&#34;retransmits&#34;:&#x9;1,&#xA;&#x9;&#x9;&#x9;&#x9;&#34;omitted&#34;:&#x9;false,&#xA;&#x9;&#x9;&#x9;&#x9;&#34;sender&#34;:&#x9;true&#xA;&#x9;&#x9;&#x9;}&#xA;&#x9;&#x9;}],&#xA;&#x9;&#34;end&#34;:&#x9;{&#xA;&#x9;&#x9;&#34;streams&#34;:&#x9;[{&#xA;&#x9;&#x9;&#x9;&#x9;&#34;sender&#34;:&#x9;{&#xA;&#x9;&#x9;&#x9;&#x9;&#x9;&#34;socket&#34;:&#x9;5,&#xA;&#x9;&#x9;&#x9;&#x9;&#x9;&#34;start&#34;:&#x9;0,&#xA;&#x9;&#x9;&#x9;&#x9;&#x9;&#34;end&#34;:&#x9;10.00156,&#xA;&#x9;&#x9;&#x9;&#x9;&#x9;&#34;seconds&#34;:&#x9;10.00156,&#xA;&#x9;&#x9;&#x9;&#x9;&#x9;&#34;bytes&#34;:&#x9;14276231168,&#xA;&#x9;&#x9;&#x9;&#x9;&#x9;&#34;bits_per_second&#34;:&#x9;11419203538.647972,&#xA;&#x9;&#x9;&#x9;&#x9;&#x9;&#34;retransmits&#34;:&#x9;115,&#xA;&#x9;&#x9;&#x9;&#x9;&#x9;&#34;reorder&#34;:&#x9;66713,&#xA;&#x9;&#x9;&#x9;&#x9;&#x9;&#34;max_snd_cwnd&#34;:&#x9;4211648,&#xA;&#x9;&#x9;&#x9;&#x9;&#x9;&#34;max_snd_wnd&#34;:&#x9;5443456,&#xA;&#x9;&#x9;&#x9;&#x9;&#x9;&#34;max_rtt&#34;:&#x9;2975,&#xA;&#x9;&#x9;&#x9;&#x9;&#x9;&#34;min_rtt&#34;:&#x9;2055,&#xA;&#x9;&#x9;&#x9;&#x9;&#x9;&#34;mean_rtt&#34;:&#x9;2392,&#xA;&#x9;&#x9;&#x9;&#x9;&#x9;&#34;sender&#34;:&#x9;true&#xA;&#x9;&#x9;&#x9;&#x9;},&#xA;&#x9;&#x9;&#x9;&#x9;&#34;receiver&#34;:&#x9;{&#xA;&#x9;&#x9;&#x9;&#x9;&#x9;&#34;socket&#34;:&#x9;5,&#xA;&#x9;&#x9;&#x9;&#x9;&#x9;&#34;start&#34;:&#x9;0,&#xA;&#x9;&#x9;&#x9;&#x9;&#x9;&#34;end&#34;:&#x9;10.002141,&#xA;&#x9;&#x9;&#x9;&#x9;&#x9;&#34;seconds&#34;:&#x9;10.00156,&#xA;&#x9;&#x9;&#x9;&#x9;&#x9;&#34;bytes&#34;:&#x9;14273871872,&#xA;&#x9;&#x9;&#x9;&#x9;&#x9;&#34;bits_per_second&#34;:&#x9;11416653192.15156,&#xA;&#x9;&#x9;&#x9;&#x9;&#x9;&#34;sender&#34;:&#x9;true&#xA;&#x9;&#x9;&#x9;&#x9;}&#xA;&#x9;&#x9;&#x9;}],&#xA;&#x9;&#x9;&#34;sum_sent&#34;:&#x9;{&#xA;&#x9;&#x9;&#x9;&#34;start&#34;:&#x9;0,&#xA;&#x9;&#x9;&#x9;&#34;end&#34;:&#x9;10.00156,&#xA;&#x9;&#x9;&#x9;&#34;seconds&#34;:&#x9;10.00156,&#xA;&#x9;&#x9;&#x9;&#34;bytes&#34;:&#x9;14276231168,&#xA;&#x9;&#x9;&#x9;&#34;bits_per_second&#34;:&#x9;11419203538.647972,&#xA;&#x9;&#x9;&#x9;&#34;retransmits&#34;:&#x9;115,&#xA;&#x9;&#x9;&#x9;&#34;sender&#34;:&#x9;true&#xA;&#x9;&#x9;},&#xA;&#x9;&#x9;&#34;sum_received&#34;:&#x9;{&#xA;&#x9;&#x9;&#x9;&#34;start&#34;:&#x9;0,&#xA;&#x9;&#x9;&#x9;&#34;end&#34;:&#x9;10.002141,&#xA;&#x9;&#x9;&#x9;&#34;seconds&#34;:&#x9;10.002141,&#xA;&#x9;&#x9;&#x9;&#34;bytes&#34;:&#x9;14273871872,&#xA;&#x9;&#x9;&#x9;&#34;bits_per_second&#34;:&#x9;11416653192.15156,&#xA;&#x9;&#x9;&#x9;&#34;sender&#34;:&#x9;true&#xA;&#x9;&#x9;},&#xA;&#x9;&#x9;&#34;cpu_utilization_percent&#34;:&#x9;{&#xA;&#x9;&#x9;&#x9;&#34;host_total&#34;:&#x9;20.459029266109312,&#xA;&#x9;&#x9;&#x9;&#34;host_user&#34;:&#x9;0.3100849422640089,&#xA;&#x9;&#x9;&#x9;&#34;host_system&#34;:&#x9;20.14900429579043,&#xA;&#x9;&#x9;&#x9;&#34;remote_total&#34;:&#x9;40.712699491191735,&#xA;&#x9;&#x9;&#x9;&#34;remote_user&#34;:&#x9;0.81870021343313,&#xA;&#x9;&#x9;&#x9;&#34;remote_system&#34;:&#x9;39.894019273367569&#xA;&#x9;&#x9;},&#xA;&#x9;&#x9;&#34;sender_tcp_congestion&#34;:&#x9;&#34;cubic&#34;,&#xA;&#x9;&#x9;&#34;receiver_tcp_congestion&#34;:&#x9;&#34;cubic&#34;&#xA;&#x9;}&#xA;}&#xA;&#xA;TCP bandwidth: 11.42 Gbps&#xA;bandwidth_gbps - /uat_workspace/iperf3/test_test.go:78 @ 08/24/26 23:28:40.361&#xA;  11.41665319215156&#xA;&lt; Exit [It] should measure non-zero TCP bandwidth - /uat_workspace/iperf3/test_test.go:62 @ 08/24/26 23:28:40.361 (10.013s)&#xA;</system-err>
          </testcase>
      </testsuite>
  </testsuites>