<?xml version="1.0" encoding="UTF-8"?>
  <testsuites tests="6" disabled="2" errors="0" failures="0" time="78.883672919">
      <testsuite name="inference-perf Benchmark Suite" package="/workspace" tests="6" disabled="0" skipped="2" errors="0" failures="0" time="78.883672919" timestamp="2026-08-25T20:30:30">
          <properties>
              <property name="SuiteSucceeded" value="true"></property>
              <property name="SuiteHasProgrammaticFocus" value="false"></property>
              <property name="SpecialSuiteFailureReason" value=""></property>
              <property name="SuiteLabels" value="[]"></property>
              <property name="SuiteSemVerConstraints" value="[]"></property>
              <property name="SuiteComponentSemVerConstraints" value="[]"></property>
              <property name="RandomSeed" value="1787689830"></property>
              <property name="RandomizeAllSpecs" value="false"></property>
              <property name="LabelFilter" value="quantitative"></property>
              <property name="SemVerFilter" value=""></property>
              <property name="FocusStrings" value=""></property>
              <property name="SkipStrings" value=""></property>
              <property name="FocusFiles" value=""></property>
              <property name="SkipFiles" value=""></property>
              <property name="FailOnPending" value="false"></property>
              <property name="FailOnEmpty" value="false"></property>
              <property name="FailFast" value="false"></property>
              <property name="FlakeAttempts" value="0"></property>
              <property name="DryRun" value="false"></property>
              <property name="ParallelTotal" value="1"></property>
              <property name="OutputInterceptorMode" value=""></property>
          </properties>
          <testcase name="[BeforeSuite]" classname="inference-perf Benchmark Suite" status="passed" time="0.001106969">
              <system-err>&gt; Enter [BeforeSuite] TOP-LEVEL - /uat_workspace/inference-perf/test_test.go:61 @ 08/25/26 20:30:30.847&#xA;Server: http://svc-t7-inference-perf-moc-r4pcc02u09-vllm-server:8000&#xA;Results: /uat_workspace&#xA;&lt; Exit [BeforeSuite] TOP-LEVEL - /uat_workspace/inference-perf/test_test.go:61 @ 08/25/26 20:30:30.848 (1ms)&#xA;</system-err>
          </testcase>
          <testcase name="[It] inference-perf Health Check should return healthy status [pass-fail]" classname="inference-perf Benchmark Suite" status="skipped" time="0">
              <skipped message="skipped"></skipped>
          </testcase>
          <testcase name="[It] inference-perf Model Endpoint should list available models [pass-fail]" classname="inference-perf Benchmark Suite" status="skipped" time="0">
              <skipped message="skipped"></skipped>
          </testcase>
          <testcase name="[It] inference-perf Benchmark Execution should execute benchmark successfully [quantitative]" classname="inference-perf Benchmark Suite" status="passed" time="78.877477947">
              <system-err>&gt; Enter [It] should execute benchmark successfully - /uat_workspace/inference-perf/test_test.go:101 @ 08/25/26 20:30:30.848&#xA;&lt; Exit [It] should execute benchmark successfully - /uat_workspace/inference-perf/test_test.go:101 @ 08/25/26 20:31:49.726 (1m18.877s)&#xA;</system-err>
          </testcase>
          <testcase name="[It] inference-perf Benchmark Execution should generate result files [quantitative]" classname="inference-perf Benchmark Suite" status="passed" time="0.001851006">
              <system-err>&gt; Enter [It] should generate result files - /uat_workspace/inference-perf/test_test.go:121 @ 08/25/26 20:31:49.726&#xA;&lt; Exit [It] should generate result files - /uat_workspace/inference-perf/test_test.go:121 @ 08/25/26 20:31:49.728 (2ms)&#xA;</system-err>
          </testcase>
          <testcase name="[It] inference-perf Benchmark Execution should collect benchmark results [quantitative]" classname="inference-perf Benchmark Suite" status="passed" time="0.002446187">
              <system-err>&gt; Enter [It] should collect benchmark results - /uat_workspace/inference-perf/test_test.go:127 @ 08/25/26 20:31:49.728&#xA;=== inference-perf Results ===&#xA;Successes: 300  Failures: 0&#xA;Throughput (tok/s): total=956.91 output=331.57 requests=4.9123&#xA;Request Latency (s): mean=0.4929 median=0.4782&#xA;TTFT (s): mean=0.0293 median=0.0280&#xA;ttft_mean_s - /uat_workspace/inference-perf/test_test.go:155 @ 08/25/26 20:31:49.73&#xA;  0.02925177302851807&#xA;TPOT (s): mean=0.0072 median=0.0073&#xA;tpot_mean_s - /uat_workspace/inference-perf/test_test.go:161 @ 08/25/26 20:31:49.73&#xA;  0.00722831082100335&#xA;throughput_total_tokens_per_sec - /uat_workspace/inference-perf/test_test.go:164 @ 08/25/26 20:31:49.73&#xA;  956.9088741236376&#xA;throughput_output_tokens_per_sec - /uat_workspace/inference-perf/test_test.go:165 @ 08/25/26 20:31:49.73&#xA;  331.5670663791225&#xA;request_latency_mean_s - /uat_workspace/inference-perf/test_test.go:166 @ 08/25/26 20:31:49.73&#xA;  0.49285620414244474&#xA;&lt; Exit [It] should collect benchmark results - /uat_workspace/inference-perf/test_test.go:127 @ 08/25/26 20:31:49.73 (2ms)&#xA;</system-err>
          </testcase>
      </testsuite>
  </testsuites>