<?xml version="1.0" encoding="UTF-8"?>
  <testsuites tests="4" disabled="2" errors="1" failures="0" time="457.655750114">
      <testsuite name="KServe InferenceService Suite" package="/" tests="4" disabled="0" skipped="2" errors="1" failures="0" time="457.655750114" timestamp="2026-08-25T22:43:00">
          <properties>
              <property name="SuiteSucceeded" value="false"></property>
              <property name="SuiteHasProgrammaticFocus" value="false"></property>
              <property name="SpecialSuiteFailureReason" value="Interrupted by User"></property>
              <property name="SuiteLabels" value="[]"></property>
              <property name="SuiteSemVerConstraints" value="[]"></property>
              <property name="SuiteComponentSemVerConstraints" value="[]"></property>
              <property name="RandomSeed" value="1787697780"></property>
              <property name="RandomizeAllSpecs" value="false"></property>
              <property name="LabelFilter" value="pass-fail"></property>
              <property name="SemVerFilter" value=""></property>
              <property name="FocusStrings" value=""></property>
              <property name="SkipStrings" value=""></property>
              <property name="FocusFiles" value=""></property>
              <property name="SkipFiles" value=""></property>
              <property name="FailOnPending" value="false"></property>
              <property name="FailOnEmpty" value="false"></property>
              <property name="FailFast" value="false"></property>
              <property name="FlakeAttempts" value="0"></property>
              <property name="DryRun" value="false"></property>
              <property name="ParallelTotal" value="1"></property>
              <property name="OutputInterceptorMode" value=""></property>
          </properties>
          <testcase name="[BeforeSuite]" classname="KServe InferenceService Suite" status="passed" time="0.000193665">
              <system-err>&gt; Enter [BeforeSuite] TOP-LEVEL - /uat_workspace/kserve/test_test.go:28 @ 08/25/26 22:43:00.265&#xA;Service: http://t5-kserve-isvc-predictor.uat-project.svc.cluster.local&#xA;&lt; Exit [BeforeSuite] TOP-LEVEL - /uat_workspace/kserve/test_test.go:28 @ 08/25/26 22:43:00.266 (0s)&#xA;</system-err>
          </testcase>
          <testcase name="[It] KServe InferenceService should become available within 10 minutes [pass-fail]" classname="KServe InferenceService Suite" status="interrupted" time="457.654211868">
              <error message="Interrupted by User" type="interrupted">[INTERRUPTED] Interrupted by User&#xA;In [It] at: /uat_workspace/kserve/test_test.go:39 @ 08/25/26 22:50:37.917&#xA;&#xA;This is the Progress Report generated when the interrupt was received:&#xA;  KServe InferenceService should become available within 10 minutes (Spec Runtime: 7m37.652s)&#xA;    /uat_workspace/kserve/test_test.go:39&#xA;    In [It] (Node Runtime: 7m37.652s)&#xA;      /uat_workspace/kserve/test_test.go:39&#xA;&#xA;    Spec Goroutine&#xA;    goroutine 241 [sleep]&#xA;      time.Sleep(0x37e11d600)&#xA;        /usr/local/go/src/runtime/time.go:363&#xA;    &gt; test.init.func2.1()&#xA;        /uat_workspace/kserve/test_test.go:56&#xA;      github.com/onsi/ginkgo/v2/internal.extractBodyFunction.func3({0x0?, 0x0?})&#xA;        /tmp/gopath/pkg/mod/github.com/onsi/ginkgo/v2@v2.32.0/internal/node.go:585&#xA;      github.com/onsi/ginkgo/v2/internal.(*Suite).runNode.func3()&#xA;        /tmp/gopath/pkg/mod/github.com/onsi/ginkgo/v2@v2.32.0/internal/suite.go:946&#xA;      github.com/onsi/ginkgo/v2/internal.(*Suite).runNode in goroutine 226&#xA;        /tmp/gopath/pkg/mod/github.com/onsi/ginkgo/v2@v2.32.0/internal/suite.go:911&#xA;&#xA;    Other Goroutines&#xA;    goroutine 226 [running]&#xA;      github.com/onsi/ginkgo/v2/internal.extractRunningGoroutines()&#xA;        /tmp/gopath/pkg/mod/github.com/onsi/ginkgo/v2@v2.32.0/internal/progress_report.go:181&#xA;      github.com/onsi/ginkgo/v2/internal.NewProgressReport(_, {{0x5591a3a45e0, 0x1, 0x1}, {0x5591a75a180, 0x1, 0x1}, {0x5591a384210, 0x1, 0x1}, ...}, ...)&#xA;        /tmp/gopath/pkg/mod/github.com/onsi/ginkgo/v2@v2.32.0/internal/progress_report.go:75&#xA;      github.com/onsi/ginkgo/v2/internal.(*Suite).generateProgressReport(_, _)&#xA;        /tmp/gopath/pkg/mod/github.com/onsi/ginkgo/v2@v2.32.0/internal/suite.go:409&#xA;      github.com/onsi/ginkgo/v2/internal.(*Suite).runNode(_, {0x4, 0x4, {0xa3f1b9, 0x29}, 0x5591a7a5840, {{0xb2603f, 0x22}, 0x27, {0x0, ...}, ...}, ...}, ...)&#xA;        /tmp/gopath/pkg/mod/github.com/onsi/ginkgo/v2@v2.32.0/internal/suite.go:1034&#xA;      github.com/onsi/ginkgo/v2/internal.(*group).attemptSpec(0x5591a77d508, 0x1, {{0x5591a759208?, 0x5591a75a180?, 0x1?}, 0x0?})&#xA;        /tmp/gopath/pkg/mod/github.com/onsi/ginkgo/v2@v2.32.0/internal/group.go:234&#xA;      github.com/onsi/ginkgo/v2/internal.(*group).run(0x5591a77d508, {0x5591a69a000?, 0x0?, 0x0?})&#xA;        /tmp/gopath/pkg/mod/github.com/onsi/ginkgo/v2@v2.32.0/internal/group.go:384&#xA;      github.com/onsi/ginkgo/v2/internal.(*Suite).runSpecs(0x5591a81bc08, {0xa350b2, 0x1d}, {0xee41c0, 0x0, 0x0}, {0xee41c0, 0x0, 0x0}, 0x5591a780660, ...)&#xA;        /tmp/gopath/pkg/mod/github.com/onsi/ginkgo/v2@v2.32.0/internal/suite.go:519&#xA;      github.com/onsi/ginkgo/v2/internal.(*Suite).Run(_, {_, _}, {_, _, _}, {_, _, _}, 0x5591a780660, ...)&#xA;        /tmp/gopath/pkg/mod/github.com/onsi/ginkgo/v2@v2.32.0/internal/suite.go:136&#xA;      github.com/onsi/ginkgo/v2.RunSpecs({0xa63fe0, 0x5591a6c3448}, {0xa350b2, 0x1d}, {0x0, 0x0, 0x0})&#xA;        /tmp/gopath/pkg/mod/github.com/onsi/ginkgo/v2@v2.32.0/core_dsl.go:314&#xA;      test.TestKServe(0x5591a6c3448)&#xA;        /uat_workspace/kserve/test_test.go:25&#xA;      testing.tRunner(0x5591a6c3448, 0xa5bb80)&#xA;        /usr/local/go/src/testing/testing.go:2036&#xA;      testing.(*T).Run in goroutine 1&#xA;        /usr/local/go/src/testing/testing.go:2101&#xA;&#xA;    goroutine 1 [chan receive, 7 minutes]&#xA;      testing.(*T).Run(0x5591a6c3208, {0xa258d0?, 0x0?}, 0xa5bb80)&#xA;        /usr/local/go/src/testing/testing.go:2109&#xA;      testing.runTests.func1(0x5591a6c3208)&#xA;        /usr/local/go/src/testing/testing.go:2585&#xA;      testing.tRunner(0x5591a6c3208, 0x5591a713c58)&#xA;        /usr/local/go/src/testing/testing.go:2036&#xA;      testing.runTests({0xa20215, 0x4}, {0xa20215, 0x4}, 0x5591a7822b8, {0xe918a0, 0x1, 0x1}, {0x0, 0x0, ...})&#xA;        /usr/local/go/src/testing/testing.go:2583&#xA;      testing.(*M).Run(0x5591a7b1680)&#xA;        /usr/local/go/src/testing/testing.go:2443&#xA;      main.main()&#xA;        _testmain.go:46&#xA;&#xA;    goroutine 125 [syscall]&#xA;      os/signal.signal_recv()&#xA;        /usr/local/go/src/runtime/sigqueue.go:152&#xA;      os/signal.loop()&#xA;        /usr/local/go/src/os/signal/signal_unix.go:23&#xA;      os/signal.Notify.func1.1 in goroutine 226&#xA;        /usr/local/go/src/os/signal/signal.go:152&#xA;&#xA;    goroutine 126 [select]&#xA;      github.com/onsi/ginkgo/v2/internal/interrupt_handler.(*InterruptHandler).registerForInterrupts.func2(0x0?)&#xA;        /tmp/gopath/pkg/mod/github.com/onsi/ginkgo/v2@v2.32.0/internal/interrupt_handler/interrupt_handler.go:131&#xA;      github.com/onsi/ginkgo/v2/internal/interrupt_handler.(*InterruptHandler).registerForInterrupts in goroutine 226&#xA;        /tmp/gopath/pkg/mod/github.com/onsi/ginkgo/v2@v2.32.0/internal/interrupt_handler/interrupt_handler.go:128&#xA;&#xA;    goroutine 127 [select, 7 minutes]&#xA;      github.com/onsi/ginkgo/v2/internal.RegisterForProgressSignal.func1()&#xA;        /tmp/gopath/pkg/mod/github.com/onsi/ginkgo/v2@v2.32.0/internal/progress_report.go:32&#xA;      github.com/onsi/ginkgo/v2/internal.RegisterForProgressSignal in goroutine 226&#xA;        /tmp/gopath/pkg/mod/github.com/onsi/ginkgo/v2@v2.32.0/internal/progress_report.go:30&#xA;</error>
              <system-err>&gt; Enter [It] should become available within 10 minutes - /uat_workspace/kserve/test_test.go:39 @ 08/25/26 22:43:00.266&#xA;[INTERRUPTED] Interrupted by User&#xA;In [It] at: /uat_workspace/kserve/test_test.go:39 @ 08/25/26 22:50:37.917&#xA;&#xA;This is the Progress Report generated when the interrupt was received:&#xA;  KServe InferenceService should become available within 10 minutes (Spec Runtime: 7m37.652s)&#xA;    /uat_workspace/kserve/test_test.go:39&#xA;    In [It] (Node Runtime: 7m37.652s)&#xA;      /uat_workspace/kserve/test_test.go:39&#xA;&#xA;    Spec Goroutine&#xA;    goroutine 241 [sleep]&#xA;      time.Sleep(0x37e11d600)&#xA;        /usr/local/go/src/runtime/time.go:363&#xA;    &gt; test.init.func2.1()&#xA;        /uat_workspace/kserve/test_test.go:56&#xA;      github.com/onsi/ginkgo/v2/internal.extractBodyFunction.func3({0x0?, 0x0?})&#xA;        /tmp/gopath/pkg/mod/github.com/onsi/ginkgo/v2@v2.32.0/internal/node.go:585&#xA;      github.com/onsi/ginkgo/v2/internal.(*Suite).runNode.func3()&#xA;        /tmp/gopath/pkg/mod/github.com/onsi/ginkgo/v2@v2.32.0/internal/suite.go:946&#xA;      github.com/onsi/ginkgo/v2/internal.(*Suite).runNode in goroutine 226&#xA;        /tmp/gopath/pkg/mod/github.com/onsi/ginkgo/v2@v2.32.0/internal/suite.go:911&#xA;&#xA;    Other Goroutines&#xA;    goroutine 226 [running]&#xA;      github.com/onsi/ginkgo/v2/internal.extractRunningGoroutines()&#xA;        /tmp/gopath/pkg/mod/github.com/onsi/ginkgo/v2@v2.32.0/internal/progress_report.go:181&#xA;      github.com/onsi/ginkgo/v2/internal.NewProgressReport(_, {{0x5591a3a45e0, 0x1, 0x1}, {0x5591a75a180, 0x1, 0x1}, {0x5591a384210, 0x1, 0x1}, ...}, ...)&#xA;        /tmp/gopath/pkg/mod/github.com/onsi/ginkgo/v2@v2.32.0/internal/progress_report.go:75&#xA;      github.com/onsi/ginkgo/v2/internal.(*Suite).generateProgressReport(_, _)&#xA;        /tmp/gopath/pkg/mod/github.com/onsi/ginkgo/v2@v2.32.0/internal/suite.go:409&#xA;      github.com/onsi/ginkgo/v2/internal.(*Suite).runNode(_, {0x4, 0x4, {0xa3f1b9, 0x29}, 0x5591a7a5840, {{0xb2603f, 0x22}, 0x27, {0x0, ...}, ...}, ...}, ...)&#xA;        /tmp/gopath/pkg/mod/github.com/onsi/ginkgo/v2@v2.32.0/internal/suite.go:1034&#xA;      github.com/onsi/ginkgo/v2/internal.(*group).attemptSpec(0x5591a77d508, 0x1, {{0x5591a759208?, 0x5591a75a180?, 0x1?}, 0x0?})&#xA;        /tmp/gopath/pkg/mod/github.com/onsi/ginkgo/v2@v2.32.0/internal/group.go:234&#xA;      github.com/onsi/ginkgo/v2/internal.(*group).run(0x5591a77d508, {0x5591a69a000?, 0x0?, 0x0?})&#xA;        /tmp/gopath/pkg/mod/github.com/onsi/ginkgo/v2@v2.32.0/internal/group.go:384&#xA;      github.com/onsi/ginkgo/v2/internal.(*Suite).runSpecs(0x5591a81bc08, {0xa350b2, 0x1d}, {0xee41c0, 0x0, 0x0}, {0xee41c0, 0x0, 0x0}, 0x5591a780660, ...)&#xA;        /tmp/gopath/pkg/mod/github.com/onsi/ginkgo/v2@v2.32.0/internal/suite.go:519&#xA;      github.com/onsi/ginkgo/v2/internal.(*Suite).Run(_, {_, _}, {_, _, _}, {_, _, _}, 0x5591a780660, ...)&#xA;        /tmp/gopath/pkg/mod/github.com/onsi/ginkgo/v2@v2.32.0/internal/suite.go:136&#xA;      github.com/onsi/ginkgo/v2.RunSpecs({0xa63fe0, 0x5591a6c3448}, {0xa350b2, 0x1d}, {0x0, 0x0, 0x0})&#xA;        /tmp/gopath/pkg/mod/github.com/onsi/ginkgo/v2@v2.32.0/core_dsl.go:314&#xA;      test.TestKServe(0x5591a6c3448)&#xA;        /uat_workspace/kserve/test_test.go:25&#xA;      testing.tRunner(0x5591a6c3448, 0xa5bb80)&#xA;        /usr/local/go/src/testing/testing.go:2036&#xA;      testing.(*T).Run in goroutine 1&#xA;        /usr/local/go/src/testing/testing.go:2101&#xA;&#xA;    goroutine 1 [chan receive, 7 minutes]&#xA;      testing.(*T).Run(0x5591a6c3208, {0xa258d0?, 0x0?}, 0xa5bb80)&#xA;        /usr/local/go/src/testing/testing.go:2109&#xA;      testing.runTests.func1(0x5591a6c3208)&#xA;        /usr/local/go/src/testing/testing.go:2585&#xA;      testing.tRunner(0x5591a6c3208, 0x5591a713c58)&#xA;        /usr/local/go/src/testing/testing.go:2036&#xA;      testing.runTests({0xa20215, 0x4}, {0xa20215, 0x4}, 0x5591a7822b8, {0xe918a0, 0x1, 0x1}, {0x0, 0x0, ...})&#xA;        /usr/local/go/src/testing/testing.go:2583&#xA;      testing.(*M).Run(0x5591a7b1680)&#xA;        /usr/local/go/src/testing/testing.go:2443&#xA;      main.main()&#xA;        _testmain.go:46&#xA;&#xA;    goroutine 125 [syscall]&#xA;      os/signal.signal_recv()&#xA;        /usr/local/go/src/runtime/sigqueue.go:152&#xA;      os/signal.loop()&#xA;        /usr/local/go/src/os/signal/signal_unix.go:23&#xA;      os/signal.Notify.func1.1 in goroutine 226&#xA;        /usr/local/go/src/os/signal/signal.go:152&#xA;&#xA;    goroutine 126 [select]&#xA;      github.com/onsi/ginkgo/v2/internal/interrupt_handler.(*InterruptHandler).registerForInterrupts.func2(0x0?)&#xA;        /tmp/gopath/pkg/mod/github.com/onsi/ginkgo/v2@v2.32.0/internal/interrupt_handler/interrupt_handler.go:131&#xA;      github.com/onsi/ginkgo/v2/internal/interrupt_handler.(*InterruptHandler).registerForInterrupts in goroutine 226&#xA;        /tmp/gopath/pkg/mod/github.com/onsi/ginkgo/v2@v2.32.0/internal/interrupt_handler/interrupt_handler.go:128&#xA;&#xA;    goroutine 127 [select, 7 minutes]&#xA;      github.com/onsi/ginkgo/v2/internal.RegisterForProgressSignal.func1()&#xA;        /tmp/gopath/pkg/mod/github.com/onsi/ginkgo/v2@v2.32.0/internal/progress_report.go:32&#xA;      github.com/onsi/ginkgo/v2/internal.RegisterForProgressSignal in goroutine 226&#xA;        /tmp/gopath/pkg/mod/github.com/onsi/ginkgo/v2@v2.32.0/internal/progress_report.go:30&#xA;Interrupted by User&#xA;First interrupt received; Ginkgo will run any cleanup and reporting nodes but will skip all remaining specs.  Interrupt again to skip cleanup.&#xA;Here&#39;s a current progress report:&#xA;  KServe InferenceService should become available within 10 minutes (Spec Runtime: 7m37.652s)&#xA;    /uat_workspace/kserve/test_test.go:39&#xA;    In [It] (Node Runtime: 7m37.652s)&#xA;      /uat_workspace/kserve/test_test.go:39&#xA;&#xA;    Spec Goroutine&#xA;    goroutine 241 [sleep]&#xA;      time.Sleep(0x37e11d600)&#xA;        /usr/local/go/src/runtime/time.go:363&#xA;    &gt; test.init.func2.1()&#xA;        /uat_workspace/kserve/test_test.go:56&#xA;      github.com/onsi/ginkgo/v2/internal.extractBodyFunction.func3({0x0?, 0x0?})&#xA;        /tmp/gopath/pkg/mod/github.com/onsi/ginkgo/v2@v2.32.0/internal/node.go:585&#xA;      github.com/onsi/ginkgo/v2/internal.(*Suite).runNode.func3()&#xA;        /tmp/gopath/pkg/mod/github.com/onsi/ginkgo/v2@v2.32.0/internal/suite.go:946&#xA;      github.com/onsi/ginkgo/v2/internal.(*Suite).runNode in goroutine 226&#xA;        /tmp/gopath/pkg/mod/github.com/onsi/ginkgo/v2@v2.32.0/internal/suite.go:911&#xA;&lt; Exit [It] should become available within 10 minutes - /uat_workspace/kserve/test_test.go:39 @ 08/25/26 22:50:37.92 (7m37.654s)&#xA;</system-err>
          </testcase>
          <testcase name="[It] KServe InferenceService should have model loaded [pass-fail]" classname="KServe InferenceService Suite" status="skipped" time="0">
              <skipped message="skipped"></skipped>
          </testcase>
          <testcase name="[It] KServe InferenceService should serve inference requests [pass-fail]" classname="KServe InferenceService Suite" status="skipped" time="0">
              <skipped message="skipped"></skipped>
          </testcase>
      </testsuite>
  </testsuites>