<?xml version="1.0" encoding="UTF-8"?>
  <testsuites tests="3" disabled="0" errors="0" failures="0" time="10.046892112">
      <testsuite name="iperf3 TCP Bandwidth Test Suite" package="/" tests="3" disabled="0" skipped="0" errors="0" failures="0" time="10.046892112" timestamp="2026-08-24T23:25:34">
          <properties>
              <property name="SuiteSucceeded" value="true"></property>
              <property name="SuiteHasProgrammaticFocus" value="false"></property>
              <property name="SpecialSuiteFailureReason" value=""></property>
              <property name="SuiteLabels" value="[]"></property>
              <property name="SuiteSemVerConstraints" value="[]"></property>
              <property name="SuiteComponentSemVerConstraints" value="[]"></property>
              <property name="RandomSeed" value="1787613934"></property>
              <property name="RandomizeAllSpecs" value="false"></property>
              <property name="LabelFilter" value="pass-fail"></property>
              <property name="SemVerFilter" value=""></property>
              <property name="FocusStrings" value=""></property>
              <property name="SkipStrings" value=""></property>
              <property name="FocusFiles" value=""></property>
              <property name="SkipFiles" value=""></property>
              <property name="FailOnPending" value="false"></property>
              <property name="FailOnEmpty" value="false"></property>
              <property name="FailFast" value="false"></property>
              <property name="FlakeAttempts" value="0"></property>
              <property name="DryRun" value="false"></property>
              <property name="ParallelTotal" value="1"></property>
              <property name="OutputInterceptorMode" value=""></property>
          </properties>
          <testcase name="[BeforeSuite]" classname="iperf3 TCP Bandwidth Test Suite" status="passed" time="0.000107494">
              <system-err>&gt; Enter [BeforeSuite] TOP-LEVEL - /uat_workspace/iperf3/test_test.go:39 @ 08/24/26 23:25:34.202&#xA;Server: svc-t3-iperf3-set0-iperf-server&#xA;Results: /uat_workspace&#xA;&lt; Exit [BeforeSuite] TOP-LEVEL - /uat_workspace/iperf3/test_test.go:39 @ 08/24/26 23:25:34.202 (0s)&#xA;</system-err>
          </testcase>
          <testcase name="[It] iperf3 TCP Bandwidth Server Connectivity should be reachable on port 5201 [pass-fail]" classname="iperf3 TCP Bandwidth Test Suite" status="passed" time="0.025676714">
              <system-err>&gt; Enter [It] should be reachable on port 5201 - /uat_workspace/iperf3/test_test.go:53 @ 08/24/26 23:25:34.202&#xA;&lt; Exit [It] should be reachable on port 5201 - /uat_workspace/iperf3/test_test.go:53 @ 08/24/26 23:25:34.227 (26ms)&#xA;</system-err>
          </testcase>
          <testcase name="[It] iperf3 TCP Bandwidth Bandwidth Measurement should measure non-zero TCP bandwidth [pass-fail]" classname="iperf3 TCP Bandwidth Test Suite" status="passed" time="10.020321306">
              <system-err>&gt; Enter [It] should measure non-zero TCP bandwidth - /uat_workspace/iperf3/test_test.go:62 @ 08/24/26 23:25:34.228&#xA;iperf3 output:&#xA;{&#xA;&#x9;&#34;start&#34;:&#x9;{&#xA;&#x9;&#x9;&#34;connected&#34;:&#x9;[{&#xA;&#x9;&#x9;&#x9;&#x9;&#34;socket&#34;:&#x9;5,&#xA;&#x9;&#x9;&#x9;&#x9;&#34;local_host&#34;:&#x9;&#34;10.132.2.114&#34;,&#xA;&#x9;&#x9;&#x9;&#x9;&#34;local_port&#34;:&#x9;39624,&#xA;&#x9;&#x9;&#x9;&#x9;&#34;remote_host&#34;:&#x9;&#34;10.135.0.106&#34;,&#xA;&#x9;&#x9;&#x9;&#x9;&#34;remote_port&#34;:&#x9;5201&#xA;&#x9;&#x9;&#x9;}],&#xA;&#x9;&#x9;&#34;version&#34;:&#x9;&#34;iperf 3.21&#34;,&#xA;&#x9;&#x9;&#34;system_info&#34;:&#x9;&#34;Linux t3-iperf3-set0-iperf-client 5.14.0-570.78.1.el9_6.x86_64 #1 SMP PREEMPT_DYNAMIC Wed Jan 7 20:22:13 EST 2026 x86_64&#34;,&#xA;&#x9;&#x9;&#34;timestamp&#34;:&#x9;{&#xA;&#x9;&#x9;&#x9;&#34;time&#34;:&#x9;&#34;Mon, 24 Aug 2026 23:25:34 GMT&#34;,&#xA;&#x9;&#x9;&#x9;&#34;timesecs&#34;:&#x9;1787613934,&#xA;&#x9;&#x9;&#x9;&#34;timemillisecs&#34;:&#x9;1787613934238&#xA;&#x9;&#x9;},&#xA;&#x9;&#x9;&#34;connecting_to&#34;:&#x9;{&#xA;&#x9;&#x9;&#x9;&#34;host&#34;:&#x9;&#34;svc-t3-iperf3-set0-iperf-server&#34;,&#xA;&#x9;&#x9;&#x9;&#34;port&#34;:&#x9;5201&#xA;&#x9;&#x9;},&#xA;&#x9;&#x9;&#34;cookie&#34;:&#x9;&#34;lufv4moumtizupqgyh2lilppo46i32wfohop&#34;,&#xA;&#x9;&#x9;&#34;tcp_mss_default&#34;:&#x9;8848,&#xA;&#x9;&#x9;&#34;target_bitrate&#34;:&#x9;0,&#xA;&#x9;&#x9;&#34;fq_rate&#34;:&#x9;0,&#xA;&#x9;&#x9;&#34;sock_bufsize&#34;:&#x9;0,&#xA;&#x9;&#x9;&#34;sndbuf_actual&#34;:&#x9;16384,&#xA;&#x9;&#x9;&#34;rcvbuf_actual&#34;:&#x9;131072,&#xA;&#x9;&#x9;&#34;test_start&#34;:&#x9;{&#xA;&#x9;&#x9;&#x9;&#34;protocol&#34;:&#x9;&#34;TCP&#34;,&#xA;&#x9;&#x9;&#x9;&#34;num_streams&#34;:&#x9;1,&#xA;&#x9;&#x9;&#x9;&#34;blksize&#34;:&#x9;131072,&#xA;&#x9;&#x9;&#x9;&#34;omit&#34;:&#x9;0,&#xA;&#x9;&#x9;&#x9;&#34;duration&#34;:&#x9;10,&#xA;&#x9;&#x9;&#x9;&#34;bytes&#34;:&#x9;0,&#xA;&#x9;&#x9;&#x9;&#34;blocks&#34;:&#x9;0,&#xA;&#x9;&#x9;&#x9;&#34;reverse&#34;:&#x9;0,&#xA;&#x9;&#x9;&#x9;&#34;tos&#34;:&#x9;0,&#xA;&#x9;&#x9;&#x9;&#34;target_bitrate&#34;:&#x9;0,&#xA;&#x9;&#x9;&#x9;&#34;bidir&#34;:&#x9;0,&#xA;&#x9;&#x9;&#x9;&#34;fqrate&#34;:&#x9;0,&#xA;&#x9;&#x9;&#x9;&#34;interval&#34;:&#x9;1,&#xA;&#x9;&#x9;&#x9;&#34;gso&#34;:&#x9;0,&#xA;&#x9;&#x9;&#x9;&#34;gro&#34;:&#x9;0&#xA;&#x9;&#x9;}&#xA;&#x9;},&#xA;&#x9;&#34;intervals&#34;:&#x9;[{&#xA;&#x9;&#x9;&#x9;&#34;streams&#34;:&#x9;[{&#xA;&#x9;&#x9;&#x9;&#x9;&#x9;&#34;socket&#34;:&#x9;5,&#xA;&#x9;&#x9;&#x9;&#x9;&#x9;&#34;start&#34;:&#x9;0,&#xA;&#x9;&#x9;&#x9;&#x9;&#x9;&#34;end&#34;:&#x9;1.00109,&#xA;&#x9;&#x9;&#x9;&#x9;&#x9;&#34;seconds&#34;:&#x9;1.0010900497436523,&#xA;&#x9;&#x9;&#x9;&#x9;&#x9;&#34;bytes&#34;:&#x9;1595670528,&#xA;&#x9;&#x9;&#x9;&#x9;&#x9;&#34;bits_per_second&#34;:&#x9;12751464493.397779,&#xA;&#x9;&#x9;&#x9;&#x9;&#x9;&#34;retransmits&#34;:&#x9;147,&#xA;&#x9;&#x9;&#x9;&#x9;&#x9;&#34;snd_cwnd&#34;:&#x9;2035040,&#xA;&#x9;&#x9;&#x9;&#x9;&#x9;&#34;snd_wnd&#34;:&#x9;4844544,&#xA;&#x9;&#x9;&#x9;&#x9;&#x9;&#34;rtt&#34;:&#x9;594,&#xA;&#x9;&#x9;&#x9;&#x9;&#x9;&#34;rttvar&#34;:&#x9;105,&#xA;&#x9;&#x9;&#x9;&#x9;&#x9;&#34;pmtu&#34;:&#x9;8900,&#xA;&#x9;&#x9;&#x9;&#x9;&#x9;&#34;reorder&#34;:&#x9;6459,&#xA;&#x9;&#x9;&#x9;&#x9;&#x9;&#34;omitted&#34;:&#x9;false,&#xA;&#x9;&#x9;&#x9;&#x9;&#x9;&#34;sender&#34;:&#x9;true&#xA;&#x9;&#x9;&#x9;&#x9;}],&#xA;&#x9;&#x9;&#x9;&#34;sum&#34;:&#x9;{&#xA;&#x9;&#x9;&#x9;&#x9;&#34;start&#34;:&#x9;0,&#xA;&#x9;&#x9;&#x9;&#x9;&#34;end&#34;:&#x9;1.00109,&#xA;&#x9;&#x9;&#x9;&#x9;&#34;seconds&#34;:&#x9;1.0010900497436523,&#xA;&#x9;&#x9;&#x9;&#x9;&#34;bytes&#34;:&#x9;1595670528,&#xA;&#x9;&#x9;&#x9;&#x9;&#34;bits_per_second&#34;:&#x9;12751464493.397779,&#xA;&#x9;&#x9;&#x9;&#x9;&#34;retransmits&#34;:&#x9;147,&#xA;&#x9;&#x9;&#x9;&#x9;&#34;omitted&#34;:&#x9;false,&#xA;&#x9;&#x9;&#x9;&#x9;&#34;sender&#34;:&#x9;true&#xA;&#x9;&#x9;&#x9;}&#xA;&#x9;&#x9;}, {&#xA;&#x9;&#x9;&#x9;&#34;streams&#34;:&#x9;[{&#xA;&#x9;&#x9;&#x9;&#x9;&#x9;&#34;socket&#34;:&#x9;5,&#xA;&#x9;&#x9;&#x9;&#x9;&#x9;&#34;start&#34;:&#x9;1.00109,&#xA;&#x9;&#x9;&#x9;&#x9;&#x9;&#34;end&#34;:&#x9;2.001187,&#xA;&#x9;&#x9;&#x9;&#x9;&#x9;&#34;seconds&#34;:&#x9;1.0000970363616943,&#xA;&#x9;&#x9;&#x9;&#x9;&#x9;&#34;bytes&#34;:&#x9;1602486272,&#xA;&#x9;&#x9;&#x9;&#x9;&#x9;&#34;bits_per_second&#34;:&#x9;12818646301.201084,&#xA;&#x9;&#x9;&#x9;&#x9;&#x9;&#34;retransmits&#34;:&#x9;50,&#xA;&#x9;&#x9;&#x9;&#x9;&#x9;&#34;snd_cwnd&#34;:&#x9;2318176,&#xA;&#x9;&#x9;&#x9;&#x9;&#x9;&#34;snd_wnd&#34;:&#x9;5443200,&#xA;&#x9;&#x9;&#x9;&#x9;&#x9;&#34;rtt&#34;:&#x9;596,&#xA;&#x9;&#x9;&#x9;&#x9;&#x9;&#34;rttvar&#34;:&#x9;91,&#xA;&#x9;&#x9;&#x9;&#x9;&#x9;&#34;pmtu&#34;:&#x9;8900,&#xA;&#x9;&#x9;&#x9;&#x9;&#x9;&#34;reorder&#34;:&#x9;14255,&#xA;&#x9;&#x9;&#x9;&#x9;&#x9;&#34;omitted&#34;:&#x9;false,&#xA;&#x9;&#x9;&#x9;&#x9;&#x9;&#34;sender&#34;:&#x9;true&#xA;&#x9;&#x9;&#x9;&#x9;}],&#xA;&#x9;&#x9;&#x9;&#34;sum&#34;:&#x9;{&#xA;&#x9;&#x9;&#x9;&#x9;&#34;start&#34;:&#x9;1.00109,&#xA;&#x9;&#x9;&#x9;&#x9;&#34;end&#34;:&#x9;2.001187,&#xA;&#x9;&#x9;&#x9;&#x9;&#34;seconds&#34;:&#x9;1.0000970363616943,&#xA;&#x9;&#x9;&#x9;&#x9;&#34;bytes&#34;:&#x9;1602486272,&#xA;&#x9;&#x9;&#x9;&#x9;&#34;bits_per_second&#34;:&#x9;12818646301.201084,&#xA;&#x9;&#x9;&#x9;&#x9;&#34;retransmits&#34;:&#x9;50,&#xA;&#x9;&#x9;&#x9;&#x9;&#34;omitted&#34;:&#x9;false,&#xA;&#x9;&#x9;&#x9;&#x9;&#34;sender&#34;:&#x9;true&#xA;&#x9;&#x9;&#x9;}&#xA;&#x9;&#x9;}, {&#xA;&#x9;&#x9;&#x9;&#34;streams&#34;:&#x9;[{&#xA;&#x9;&#x9;&#x9;&#x9;&#x9;&#34;socket&#34;:&#x9;5,&#xA;&#x9;&#x9;&#x9;&#x9;&#x9;&#34;start&#34;:&#x9;2.001187,&#xA;&#x9;&#x9;&#x9;&#x9;&#x9;&#34;end&#34;:&#x9;3.001213,&#xA;&#x9;&#x9;&#x9;&#x9;&#x9;&#34;seconds&#34;:&#x9;1.0000259876251221,&#xA;&#x9;&#x9;&#x9;&#x9;&#x9;&#34;bytes&#34;:&#x9;1748369408,&#xA;&#x9;&#x9;&#x9;&#x9;&#x9;&#34;bits_per_second&#34;:&#x9;13986591785.695938,&#xA;&#x9;&#x9;&#x9;&#x9;&#x9;&#34;retransmits&#34;:&#x9;2,&#xA;&#x9;&#x9;&#x9;&#x9;&#x9;&#34;snd_cwnd&#34;:&#x9;2371264,&#xA;&#x9;&#x9;&#x9;&#x9;&#x9;&#34;snd_wnd&#34;:&#x9;5301632,&#xA;&#x9;&#x9;&#x9;&#x9;&#x9;&#34;rtt&#34;:&#x9;605,&#xA;&#x9;&#x9;&#x9;&#x9;&#x9;&#34;rttvar&#34;:&#x9;89,&#xA;&#x9;&#x9;&#x9;&#x9;&#x9;&#34;pmtu&#34;:&#x9;8900,&#xA;&#x9;&#x9;&#x9;&#x9;&#x9;&#34;reorder&#34;:&#x9;22748,&#xA;&#x9;&#x9;&#x9;&#x9;&#x9;&#34;omitted&#34;:&#x9;false,&#xA;&#x9;&#x9;&#x9;&#x9;&#x9;&#34;sender&#34;:&#x9;true&#xA;&#x9;&#x9;&#x9;&#x9;}],&#xA;&#x9;&#x9;&#x9;&#34;sum&#34;:&#x9;{&#xA;&#x9;&#x9;&#x9;&#x9;&#34;start&#34;:&#x9;2.001187,&#xA;&#x9;&#x9;&#x9;&#x9;&#34;end&#34;:&#x9;3.001213,&#xA;&#x9;&#x9;&#x9;&#x9;&#34;seconds&#34;:&#x9;1.0000259876251221,&#xA;&#x9;&#x9;&#x9;&#x9;&#34;bytes&#34;:&#x9;1748369408,&#xA;&#x9;&#x9;&#x9;&#x9;&#34;bits_per_second&#34;:&#x9;13986591785.695938,&#xA;&#x9;&#x9;&#x9;&#x9;&#34;retransmits&#34;:&#x9;2,&#xA;&#x9;&#x9;&#x9;&#x9;&#34;omitted&#34;:&#x9;false,&#xA;&#x9;&#x9;&#x9;&#x9;&#34;sender&#34;:&#x9;true&#xA;&#x9;&#x9;&#x9;}&#xA;&#x9;&#x9;}, {&#xA;&#x9;&#x9;&#x9;&#34;streams&#34;:&#x9;[{&#xA;&#x9;&#x9;&#x9;&#x9;&#x9;&#34;socket&#34;:&#x9;5,&#xA;&#x9;&#x9;&#x9;&#x9;&#x9;&#34;start&#34;:&#x9;3.001213,&#xA;&#x9;&#x9;&#x9;&#x9;&#x9;&#34;end&#34;:&#x9;4.001106,&#xA;&#x9;&#x9;&#x9;&#x9;&#x9;&#34;seconds&#34;:&#x9;0.99989300966262817,&#xA;&#x9;&#x9;&#x9;&#x9;&#x9;&#34;bytes&#34;:&#x9;1744306176,&#xA;&#x9;&#x9;&#x9;&#x9;&#x9;&#34;bits_per_second&#34;:&#x9;13955942559.002729,&#xA;&#x9;&#x9;&#x9;&#x9;&#x9;&#34;retransmits&#34;:&#x9;0,&#xA;&#x9;&#x9;&#x9;&#x9;&#x9;&#34;snd_cwnd&#34;:&#x9;2406656,&#xA;&#x9;&#x9;&#x9;&#x9;&#x9;&#34;snd_wnd&#34;:&#x9;4597888,&#xA;&#x9;&#x9;&#x9;&#x9;&#x9;&#34;rtt&#34;:&#x9;482,&#xA;&#x9;&#x9;&#x9;&#x9;&#x9;&#34;rttvar&#34;:&#x9;80,&#xA;&#x9;&#x9;&#x9;&#x9;&#x9;&#34;pmtu&#34;:&#x9;8900,&#xA;&#x9;&#x9;&#x9;&#x9;&#x9;&#34;reorder&#34;:&#x9;31155,&#xA;&#x9;&#x9;&#x9;&#x9;&#x9;&#34;omitted&#34;:&#x9;false,&#xA;&#x9;&#x9;&#x9;&#x9;&#x9;&#34;sender&#34;:&#x9;true&#xA;&#x9;&#x9;&#x9;&#x9;}],&#xA;&#x9;&#x9;&#x9;&#34;sum&#34;:&#x9;{&#xA;&#x9;&#x9;&#x9;&#x9;&#34;start&#34;:&#x9;3.001213,&#xA;&#x9;&#x9;&#x9;&#x9;&#34;end&#34;:&#x9;4.001106,&#xA;&#x9;&#x9;&#x9;&#x9;&#34;seconds&#34;:&#x9;0.99989300966262817,&#xA;&#x9;&#x9;&#x9;&#x9;&#34;bytes&#34;:&#x9;1744306176,&#xA;&#x9;&#x9;&#x9;&#x9;&#34;bits_per_second&#34;:&#x9;13955942559.002729,&#xA;&#x9;&#x9;&#x9;&#x9;&#34;retransmits&#34;:&#x9;0,&#xA;&#x9;&#x9;&#x9;&#x9;&#34;omitted&#34;:&#x9;false,&#xA;&#x9;&#x9;&#x9;&#x9;&#34;sender&#34;:&#x9;true&#xA;&#x9;&#x9;&#x9;}&#xA;&#x9;&#x9;}, {&#xA;&#x9;&#x9;&#x9;&#34;streams&#34;:&#x9;[{&#xA;&#x9;&#x9;&#x9;&#x9;&#x9;&#34;socket&#34;:&#x9;5,&#xA;&#x9;&#x9;&#x9;&#x9;&#x9;&#34;start&#34;:&#x9;4.001106,&#xA;&#x9;&#x9;&#x9;&#x9;&#x9;&#34;end&#34;:&#x9;5.001092,&#xA;&#x9;&#x9;&#x9;&#x9;&#x9;&#34;seconds&#34;:&#x9;0.99998599290847778,&#xA;&#x9;&#x9;&#x9;&#x9;&#x9;&#34;bytes&#34;:&#x9;1730805760,&#xA;&#x9;&#x9;&#x9;&#x9;&#x9;&#34;bits_per_second&#34;:&#x9;13846640031.154192,&#xA;&#x9;&#x9;&#x9;&#x9;&#x9;&#34;retransmits&#34;:&#x9;1,&#xA;&#x9;&#x9;&#x9;&#x9;&#x9;&#34;snd_cwnd&#34;:&#x9;2468592,&#xA;&#x9;&#x9;&#x9;&#x9;&#x9;&#34;snd_wnd&#34;:&#x9;5345920,&#xA;&#x9;&#x9;&#x9;&#x9;&#x9;&#34;rtt&#34;:&#x9;639,&#xA;&#x9;&#x9;&#x9;&#x9;&#x9;&#34;rttvar&#34;:&#x9;93,&#xA;&#x9;&#x9;&#x9;&#x9;&#x9;&#34;pmtu&#34;:&#x9;8900,&#xA;&#x9;&#x9;&#x9;&#x9;&#x9;&#34;reorder&#34;:&#x9;39477,&#xA;&#x9;&#x9;&#x9;&#x9;&#x9;&#34;omitted&#34;:&#x9;false,&#xA;&#x9;&#x9;&#x9;&#x9;&#x9;&#34;sender&#34;:&#x9;true&#xA;&#x9;&#x9;&#x9;&#x9;}],&#xA;&#x9;&#x9;&#x9;&#34;sum&#34;:&#x9;{&#xA;&#x9;&#x9;&#x9;&#x9;&#34;start&#34;:&#x9;4.001106,&#xA;&#x9;&#x9;&#x9;&#x9;&#34;end&#34;:&#x9;5.001092,&#xA;&#x9;&#x9;&#x9;&#x9;&#34;seconds&#34;:&#x9;0.99998599290847778,&#xA;&#x9;&#x9;&#x9;&#x9;&#34;bytes&#34;:&#x9;1730805760,&#xA;&#x9;&#x9;&#x9;&#x9;&#34;bits_per_second&#34;:&#x9;13846640031.154192,&#xA;&#x9;&#x9;&#x9;&#x9;&#34;retransmits&#34;:&#x9;1,&#xA;&#x9;&#x9;&#x9;&#x9;&#34;omitted&#34;:&#x9;false,&#xA;&#x9;&#x9;&#x9;&#x9;&#34;sender&#34;:&#x9;true&#xA;&#x9;&#x9;&#x9;}&#xA;&#x9;&#x9;}, {&#xA;&#x9;&#x9;&#x9;&#34;streams&#34;:&#x9;[{&#xA;&#x9;&#x9;&#x9;&#x9;&#x9;&#34;socket&#34;:&#x9;5,&#xA;&#x9;&#x9;&#x9;&#x9;&#x9;&#34;start&#34;:&#x9;5.001092,&#xA;&#x9;&#x9;&#x9;&#x9;&#x9;&#34;end&#34;:&#x9;6.001105,&#xA;&#x9;&#x9;&#x9;&#x9;&#x9;&#34;seconds&#34;:&#x9;1.000012993812561,&#xA;&#x9;&#x9;&#x9;&#x9;&#x9;&#34;bytes&#34;:&#x9;1666318336,&#xA;&#x9;&#x9;&#x9;&#x9;&#x9;&#34;bits_per_second&#34;:&#x9;13330373475.625689,&#xA;&#x9;&#x9;&#x9;&#x9;&#x9;&#34;retransmits&#34;:&#x9;1,&#xA;&#x9;&#x9;&#x9;&#x9;&#x9;&#34;snd_cwnd&#34;:&#x9;2468592,&#xA;&#x9;&#x9;&#x9;&#x9;&#x9;&#34;snd_wnd&#34;:&#x9;4453632,&#xA;&#x9;&#x9;&#x9;&#x9;&#x9;&#34;rtt&#34;:&#x9;426,&#xA;&#x9;&#x9;&#x9;&#x9;&#x9;&#34;rttvar&#34;:&#x9;49,&#xA;&#x9;&#x9;&#x9;&#x9;&#x9;&#34;pmtu&#34;:&#x9;8900,&#xA;&#x9;&#x9;&#x9;&#x9;&#x9;&#34;reorder&#34;:&#x9;47811,&#xA;&#x9;&#x9;&#x9;&#x9;&#x9;&#34;omitted&#34;:&#x9;false,&#xA;&#x9;&#x9;&#x9;&#x9;&#x9;&#34;sender&#34;:&#x9;true&#xA;&#x9;&#x9;&#x9;&#x9;}],&#xA;&#x9;&#x9;&#x9;&#34;sum&#34;:&#x9;{&#xA;&#x9;&#x9;&#x9;&#x9;&#34;start&#34;:&#x9;5.001092,&#xA;&#x9;&#x9;&#x9;&#x9;&#34;end&#34;:&#x9;6.001105,&#xA;&#x9;&#x9;&#x9;&#x9;&#34;seconds&#34;:&#x9;1.000012993812561,&#xA;&#x9;&#x9;&#x9;&#x9;&#34;bytes&#34;:&#x9;1666318336,&#xA;&#x9;&#x9;&#x9;&#x9;&#34;bits_per_second&#34;:&#x9;13330373475.625689,&#xA;&#x9;&#x9;&#x9;&#x9;&#34;retransmits&#34;:&#x9;1,&#xA;&#x9;&#x9;&#x9;&#x9;&#34;omitted&#34;:&#x9;false,&#xA;&#x9;&#x9;&#x9;&#x9;&#34;sender&#34;:&#x9;true&#xA;&#x9;&#x9;&#x9;}&#xA;&#x9;&#x9;}, {&#xA;&#x9;&#x9;&#x9;&#34;streams&#34;:&#x9;[{&#xA;&#x9;&#x9;&#x9;&#x9;&#x9;&#34;socket&#34;:&#x9;5,&#xA;&#x9;&#x9;&#x9;&#x9;&#x9;&#34;start&#34;:&#x9;6.001105,&#xA;&#x9;&#x9;&#x9;&#x9;&#x9;&#34;end&#34;:&#x9;7.001155,&#xA;&#x9;&#x9;&#x9;&#x9;&#x9;&#34;seconds&#34;:&#x9;1.0000499486923218,&#xA;&#x9;&#x9;&#x9;&#x9;&#x9;&#34;bytes&#34;:&#x9;1708523520,&#xA;&#x9;&#x9;&#x9;&#x9;&#x9;&#34;bits_per_second&#34;:&#x9;13667505485.973675,&#xA;&#x9;&#x9;&#x9;&#x9;&#x9;&#34;retransmits&#34;:&#x9;3,&#xA;&#x9;&#x9;&#x9;&#x9;&#x9;&#34;snd_cwnd&#34;:&#x9;2468592,&#xA;&#x9;&#x9;&#x9;&#x9;&#x9;&#34;snd_wnd&#34;:&#x9;5364224,&#xA;&#x9;&#x9;&#x9;&#x9;&#x9;&#34;rtt&#34;:&#x9;661,&#xA;&#x9;&#x9;&#x9;&#x9;&#x9;&#34;rttvar&#34;:&#x9;70,&#xA;&#x9;&#x9;&#x9;&#x9;&#x9;&#34;pmtu&#34;:&#x9;8900,&#xA;&#x9;&#x9;&#x9;&#x9;&#x9;&#34;reorder&#34;:&#x9;55739,&#xA;&#x9;&#x9;&#x9;&#x9;&#x9;&#34;omitted&#34;:&#x9;false,&#xA;&#x9;&#x9;&#x9;&#x9;&#x9;&#34;sender&#34;:&#x9;true&#xA;&#x9;&#x9;&#x9;&#x9;}],&#xA;&#x9;&#x9;&#x9;&#34;sum&#34;:&#x9;{&#xA;&#x9;&#x9;&#x9;&#x9;&#34;start&#34;:&#x9;6.001105,&#xA;&#x9;&#x9;&#x9;&#x9;&#34;end&#34;:&#x9;7.001155,&#xA;&#x9;&#x9;&#x9;&#x9;&#34;seconds&#34;:&#x9;1.0000499486923218,&#xA;&#x9;&#x9;&#x9;&#x9;&#34;bytes&#34;:&#x9;1708523520,&#xA;&#x9;&#x9;&#x9;&#x9;&#34;bits_per_second&#34;:&#x9;13667505485.973675,&#xA;&#x9;&#x9;&#x9;&#x9;&#34;retransmits&#34;:&#x9;3,&#xA;&#x9;&#x9;&#x9;&#x9;&#34;omitted&#34;:&#x9;false,&#xA;&#x9;&#x9;&#x9;&#x9;&#34;sender&#34;:&#x9;true&#xA;&#x9;&#x9;&#x9;}&#xA;&#x9;&#x9;}, {&#xA;&#x9;&#x9;&#x9;&#34;streams&#34;:&#x9;[{&#xA;&#x9;&#x9;&#x9;&#x9;&#x9;&#34;socket&#34;:&#x9;5,&#xA;&#x9;&#x9;&#x9;&#x9;&#x9;&#34;start&#34;:&#x9;7.001155,&#xA;&#x9;&#x9;&#x9;&#x9;&#x9;&#34;end&#34;:&#x9;8.001087,&#xA;&#x9;&#x9;&#x9;&#x9;&#x9;&#34;seconds&#34;:&#x9;0.99993199110031128,&#xA;&#x9;&#x9;&#x9;&#x9;&#x9;&#34;bytes&#34;:&#x9;1441005568,&#xA;&#x9;&#x9;&#x9;&#x9;&#x9;&#34;bits_per_second&#34;:&#x9;11528828606.948257,&#xA;&#x9;&#x9;&#x9;&#x9;&#x9;&#34;retransmits&#34;:&#x9;2,&#xA;&#x9;&#x9;&#x9;&#x9;&#x9;&#34;snd_cwnd&#34;:&#x9;2468592,&#xA;&#x9;&#x9;&#x9;&#x9;&#x9;&#34;snd_wnd&#34;:&#x9;5348864,&#xA;&#x9;&#x9;&#x9;&#x9;&#x9;&#34;rtt&#34;:&#x9;530,&#xA;&#x9;&#x9;&#x9;&#x9;&#x9;&#34;rttvar&#34;:&#x9;90,&#xA;&#x9;&#x9;&#x9;&#x9;&#x9;&#34;pmtu&#34;:&#x9;8900,&#xA;&#x9;&#x9;&#x9;&#x9;&#x9;&#34;reorder&#34;:&#x9;62299,&#xA;&#x9;&#x9;&#x9;&#x9;&#x9;&#34;omitted&#34;:&#x9;false,&#xA;&#x9;&#x9;&#x9;&#x9;&#x9;&#34;sender&#34;:&#x9;true&#xA;&#x9;&#x9;&#x9;&#x9;}],&#xA;&#x9;&#x9;&#x9;&#34;sum&#34;:&#x9;{&#xA;&#x9;&#x9;&#x9;&#x9;&#34;start&#34;:&#x9;7.001155,&#xA;&#x9;&#x9;&#x9;&#x9;&#34;end&#34;:&#x9;8.001087,&#xA;&#x9;&#x9;&#x9;&#x9;&#34;seconds&#34;:&#x9;0.99993199110031128,&#xA;&#x9;&#x9;&#x9;&#x9;&#34;bytes&#34;:&#x9;1441005568,&#xA;&#x9;&#x9;&#x9;&#x9;&#34;bits_per_second&#34;:&#x9;11528828606.948257,&#xA;&#x9;&#x9;&#x9;&#x9;&#34;retransmits&#34;:&#x9;2,&#xA;&#x9;&#x9;&#x9;&#x9;&#34;omitted&#34;:&#x9;false,&#xA;&#x9;&#x9;&#x9;&#x9;&#34;sender&#34;:&#x9;true&#xA;&#x9;&#x9;&#x9;}&#xA;&#x9;&#x9;}, {&#xA;&#x9;&#x9;&#x9;&#34;streams&#34;:&#x9;[{&#xA;&#x9;&#x9;&#x9;&#x9;&#x9;&#34;socket&#34;:&#x9;5,&#xA;&#x9;&#x9;&#x9;&#x9;&#x9;&#34;start&#34;:&#x9;8.001087,&#xA;&#x9;&#x9;&#x9;&#x9;&#x9;&#34;end&#34;:&#x9;9.001105,&#xA;&#x9;&#x9;&#x9;&#x9;&#x9;&#34;seconds&#34;:&#x9;1.0000180006027222,&#xA;&#x9;&#x9;&#x9;&#x9;&#x9;&#34;bytes&#34;:&#x9;1747058688,&#xA;&#x9;&#x9;&#x9;&#x9;&#x9;&#34;bits_per_second&#34;:&#x9;13976217923.6536,&#xA;&#x9;&#x9;&#x9;&#x9;&#x9;&#34;retransmits&#34;:&#x9;0,&#xA;&#x9;&#x9;&#x9;&#x9;&#x9;&#34;snd_cwnd&#34;:&#x9;2468592,&#xA;&#x9;&#x9;&#x9;&#x9;&#x9;&#34;snd_wnd&#34;:&#x9;5301632,&#xA;&#x9;&#x9;&#x9;&#x9;&#x9;&#34;rtt&#34;:&#x9;556,&#xA;&#x9;&#x9;&#x9;&#x9;&#x9;&#34;rttvar&#34;:&#x9;97,&#xA;&#x9;&#x9;&#x9;&#x9;&#x9;&#34;pmtu&#34;:&#x9;8900,&#xA;&#x9;&#x9;&#x9;&#x9;&#x9;&#34;reorder&#34;:&#x9;70557,&#xA;&#x9;&#x9;&#x9;&#x9;&#x9;&#34;omitted&#34;:&#x9;false,&#xA;&#x9;&#x9;&#x9;&#x9;&#x9;&#34;sender&#34;:&#x9;true&#xA;&#x9;&#x9;&#x9;&#x9;}],&#xA;&#x9;&#x9;&#x9;&#34;sum&#34;:&#x9;{&#xA;&#x9;&#x9;&#x9;&#x9;&#34;start&#34;:&#x9;8.001087,&#xA;&#x9;&#x9;&#x9;&#x9;&#34;end&#34;:&#x9;9.001105,&#xA;&#x9;&#x9;&#x9;&#x9;&#34;seconds&#34;:&#x9;1.0000180006027222,&#xA;&#x9;&#x9;&#x9;&#x9;&#34;bytes&#34;:&#x9;1747058688,&#xA;&#x9;&#x9;&#x9;&#x9;&#34;bits_per_second&#34;:&#x9;13976217923.6536,&#xA;&#x9;&#x9;&#x9;&#x9;&#34;retransmits&#34;:&#x9;0,&#xA;&#x9;&#x9;&#x9;&#x9;&#34;omitted&#34;:&#x9;false,&#xA;&#x9;&#x9;&#x9;&#x9;&#34;sender&#34;:&#x9;true&#xA;&#x9;&#x9;&#x9;}&#xA;&#x9;&#x9;}, {&#xA;&#x9;&#x9;&#x9;&#34;streams&#34;:&#x9;[{&#xA;&#x9;&#x9;&#x9;&#x9;&#x9;&#34;socket&#34;:&#x9;5,&#xA;&#x9;&#x9;&#x9;&#x9;&#x9;&#34;start&#34;:&#x9;9.001105,&#xA;&#x9;&#x9;&#x9;&#x9;&#x9;&#34;end&#34;:&#x9;10.001931,&#xA;&#x9;&#x9;&#x9;&#x9;&#x9;&#34;seconds&#34;:&#x9;1.0008260011672974,&#xA;&#x9;&#x9;&#x9;&#x9;&#x9;&#34;bytes&#34;:&#x9;1765408768,&#xA;&#x9;&#x9;&#x9;&#x9;&#x9;&#34;bits_per_second&#34;:&#x9;14111613934.417721,&#xA;&#x9;&#x9;&#x9;&#x9;&#x9;&#34;retransmits&#34;:&#x9;0,&#xA;&#x9;&#x9;&#x9;&#x9;&#x9;&#34;snd_cwnd&#34;:&#x9;2503984,&#xA;&#x9;&#x9;&#x9;&#x9;&#x9;&#34;snd_wnd&#34;:&#x9;4896512,&#xA;&#x9;&#x9;&#x9;&#x9;&#x9;&#34;rtt&#34;:&#x9;570,&#xA;&#x9;&#x9;&#x9;&#x9;&#x9;&#34;rttvar&#34;:&#x9;75,&#xA;&#x9;&#x9;&#x9;&#x9;&#x9;&#34;pmtu&#34;:&#x9;8900,&#xA;&#x9;&#x9;&#x9;&#x9;&#x9;&#34;reorder&#34;:&#x9;78768,&#xA;&#x9;&#x9;&#x9;&#x9;&#x9;&#34;omitted&#34;:&#x9;false,&#xA;&#x9;&#x9;&#x9;&#x9;&#x9;&#34;sender&#34;:&#x9;true&#xA;&#x9;&#x9;&#x9;&#x9;}],&#xA;&#x9;&#x9;&#x9;&#34;sum&#34;:&#x9;{&#xA;&#x9;&#x9;&#x9;&#x9;&#34;start&#34;:&#x9;9.001105,&#xA;&#x9;&#x9;&#x9;&#x9;&#34;end&#34;:&#x9;10.001931,&#xA;&#x9;&#x9;&#x9;&#x9;&#34;seconds&#34;:&#x9;1.0008260011672974,&#xA;&#x9;&#x9;&#x9;&#x9;&#34;bytes&#34;:&#x9;1765408768,&#xA;&#x9;&#x9;&#x9;&#x9;&#34;bits_per_second&#34;:&#x9;14111613934.417721,&#xA;&#x9;&#x9;&#x9;&#x9;&#34;retransmits&#34;:&#x9;0,&#xA;&#x9;&#x9;&#x9;&#x9;&#34;omitted&#34;:&#x9;false,&#xA;&#x9;&#x9;&#x9;&#x9;&#34;sender&#34;:&#x9;true&#xA;&#x9;&#x9;&#x9;}&#xA;&#x9;&#x9;}],&#xA;&#x9;&#34;end&#34;:&#x9;{&#xA;&#x9;&#x9;&#34;streams&#34;:&#x9;[{&#xA;&#x9;&#x9;&#x9;&#x9;&#34;sender&#34;:&#x9;{&#xA;&#x9;&#x9;&#x9;&#x9;&#x9;&#34;socket&#34;:&#x9;5,&#xA;&#x9;&#x9;&#x9;&#x9;&#x9;&#34;start&#34;:&#x9;0,&#xA;&#x9;&#x9;&#x9;&#x9;&#x9;&#34;end&#34;:&#x9;10.001931,&#xA;&#x9;&#x9;&#x9;&#x9;&#x9;&#34;seconds&#34;:&#x9;10.001931,&#xA;&#x9;&#x9;&#x9;&#x9;&#x9;&#34;bytes&#34;:&#x9;16754933760,&#xA;&#x9;&#x9;&#x9;&#x9;&#x9;&#34;bits_per_second&#34;:&#x9;13401359205.537409,&#xA;&#x9;&#x9;&#x9;&#x9;&#x9;&#34;retransmits&#34;:&#x9;206,&#xA;&#x9;&#x9;&#x9;&#x9;&#x9;&#34;reorder&#34;:&#x9;78768,&#xA;&#x9;&#x9;&#x9;&#x9;&#x9;&#34;max_snd_cwnd&#34;:&#x9;2503984,&#xA;&#x9;&#x9;&#x9;&#x9;&#x9;&#34;max_snd_wnd&#34;:&#x9;5443200,&#xA;&#x9;&#x9;&#x9;&#x9;&#x9;&#34;max_rtt&#34;:&#x9;661,&#xA;&#x9;&#x9;&#x9;&#x9;&#x9;&#34;min_rtt&#34;:&#x9;426,&#xA;&#x9;&#x9;&#x9;&#x9;&#x9;&#34;mean_rtt&#34;:&#x9;565,&#xA;&#x9;&#x9;&#x9;&#x9;&#x9;&#34;sender&#34;:&#x9;true&#xA;&#x9;&#x9;&#x9;&#x9;},&#xA;&#x9;&#x9;&#x9;&#x9;&#34;receiver&#34;:&#x9;{&#xA;&#x9;&#x9;&#x9;&#x9;&#x9;&#34;socket&#34;:&#x9;5,&#xA;&#x9;&#x9;&#x9;&#x9;&#x9;&#34;start&#34;:&#x9;0,&#xA;&#x9;&#x9;&#x9;&#x9;&#x9;&#34;end&#34;:&#x9;10.003316,&#xA;&#x9;&#x9;&#x9;&#x9;&#x9;&#34;seconds&#34;:&#x9;10.001931,&#xA;&#x9;&#x9;&#x9;&#x9;&#x9;&#34;bytes&#34;:&#x9;16754933760,&#xA;&#x9;&#x9;&#x9;&#x9;&#x9;&#34;bits_per_second&#34;:&#x9;13399503732.562283,&#xA;&#x9;&#x9;&#x9;&#x9;&#x9;&#34;sender&#34;:&#x9;true&#xA;&#x9;&#x9;&#x9;&#x9;}&#xA;&#x9;&#x9;&#x9;}],&#xA;&#x9;&#x9;&#34;sum_sent&#34;:&#x9;{&#xA;&#x9;&#x9;&#x9;&#34;start&#34;:&#x9;0,&#xA;&#x9;&#x9;&#x9;&#34;end&#34;:&#x9;10.001931,&#xA;&#x9;&#x9;&#x9;&#34;seconds&#34;:&#x9;10.001931,&#xA;&#x9;&#x9;&#x9;&#34;bytes&#34;:&#x9;16754933760,&#xA;&#x9;&#x9;&#x9;&#34;bits_per_second&#34;:&#x9;13401359205.537409,&#xA;&#x9;&#x9;&#x9;&#34;retransmits&#34;:&#x9;206,&#xA;&#x9;&#x9;&#x9;&#34;sender&#34;:&#x9;true&#xA;&#x9;&#x9;},&#xA;&#x9;&#x9;&#34;sum_received&#34;:&#x9;{&#xA;&#x9;&#x9;&#x9;&#34;start&#34;:&#x9;0,&#xA;&#x9;&#x9;&#x9;&#34;end&#34;:&#x9;10.003316,&#xA;&#x9;&#x9;&#x9;&#34;seconds&#34;:&#x9;10.003316,&#xA;&#x9;&#x9;&#x9;&#34;bytes&#34;:&#x9;16754933760,&#xA;&#x9;&#x9;&#x9;&#34;bits_per_second&#34;:&#x9;13399503732.562283,&#xA;&#x9;&#x9;&#x9;&#34;sender&#34;:&#x9;true&#xA;&#x9;&#x9;},&#xA;&#x9;&#x9;&#34;cpu_utilization_percent&#34;:&#x9;{&#xA;&#x9;&#x9;&#x9;&#34;host_total&#34;:&#x9;44.960745155038275,&#xA;&#x9;&#x9;&#x9;&#34;host_user&#34;:&#x9;0.54079900709949835,&#xA;&#x9;&#x9;&#x9;&#34;host_system&#34;:&#x9;44.419976126818653,&#xA;&#x9;&#x9;&#x9;&#34;remote_total&#34;:&#x9;32.955813098193417,&#xA;&#x9;&#x9;&#x9;&#34;remote_user&#34;:&#x9;0.44435118678754482,&#xA;&#x9;&#x9;&#x9;&#34;remote_system&#34;:&#x9;32.511451914753749&#xA;&#x9;&#x9;},&#xA;&#x9;&#x9;&#34;sender_tcp_congestion&#34;:&#x9;&#34;cubic&#34;,&#xA;&#x9;&#x9;&#34;receiver_tcp_congestion&#34;:&#x9;&#34;cubic&#34;&#xA;&#x9;}&#xA;}&#xA;&#xA;TCP bandwidth: 13.40 Gbps&#xA;bandwidth_gbps - /uat_workspace/iperf3/test_test.go:78 @ 08/24/26 23:25:44.248&#xA;  13.399503732562282&#xA;&lt; Exit [It] should measure non-zero TCP bandwidth - /uat_workspace/iperf3/test_test.go:62 @ 08/24/26 23:25:44.248 (10.02s)&#xA;</system-err>
          </testcase>
      </testsuite>
  </testsuites>