<?xml version="1.0" encoding="UTF-8"?>
  <testsuites tests="4" disabled="0" errors="0" failures="0" time="72.235105865">
      <testsuite name="Multi-Tenant Contention Benchmark Suite" package="/workspace" tests="4" disabled="0" skipped="0" errors="0" failures="0" time="72.235105865" timestamp="2026-08-25T22:02:25">
          <properties>
              <property name="SuiteSucceeded" value="true"></property>
              <property name="SuiteHasProgrammaticFocus" value="false"></property>
              <property name="SpecialSuiteFailureReason" value=""></property>
              <property name="SuiteLabels" value="[]"></property>
              <property name="SuiteSemVerConstraints" value="[]"></property>
              <property name="SuiteComponentSemVerConstraints" value="[]"></property>
              <property name="RandomSeed" value="1787695345"></property>
              <property name="RandomizeAllSpecs" value="false"></property>
              <property name="LabelFilter" value="quantitative"></property>
              <property name="SemVerFilter" value=""></property>
              <property name="FocusStrings" value=""></property>
              <property name="SkipStrings" value=""></property>
              <property name="FocusFiles" value=""></property>
              <property name="SkipFiles" value=""></property>
              <property name="FailOnPending" value="false"></property>
              <property name="FailOnEmpty" value="false"></property>
              <property name="FailFast" value="false"></property>
              <property name="FlakeAttempts" value="0"></property>
              <property name="DryRun" value="false"></property>
              <property name="ParallelTotal" value="1"></property>
              <property name="OutputInterceptorMode" value=""></property>
          </properties>
          <testcase name="[BeforeSuite]" classname="Multi-Tenant Contention Benchmark Suite" status="passed" time="0.000447085">
              <system-err>&gt; Enter [BeforeSuite] TOP-LEVEL - /uat_workspace/peer-load-high/test_test.go:58 @ 08/25/26 22:02:25.853&#xA;Server: http://svc-t11-peer-load-high-moc-r4pcc02u05-project-server:8000&#xA;Results: /uat_workspace&#xA;&lt; Exit [BeforeSuite] TOP-LEVEL - /uat_workspace/peer-load-high/test_test.go:58 @ 08/25/26 22:02:25.854 (0s)&#xA;</system-err>
          </testcase>
          <testcase name="[It] peer-load-high Benchmark Under Contention should execute benchmark successfully [quantitative]" classname="Multi-Tenant Contention Benchmark Suite" status="passed" time="72.231740598">
              <system-err>&gt; Enter [It] should execute benchmark successfully - /uat_workspace/peer-load-high/test_test.go:72 @ 08/25/26 22:02:25.854&#xA;&lt; Exit [It] should execute benchmark successfully - /uat_workspace/peer-load-high/test_test.go:72 @ 08/25/26 22:03:38.085 (1m12.232s)&#xA;</system-err>
          </testcase>
          <testcase name="[It] peer-load-high Benchmark Under Contention should generate result files [quantitative]" classname="Multi-Tenant Contention Benchmark Suite" status="passed" time="0.001594205">
              <system-err>&gt; Enter [It] should generate result files - /uat_workspace/peer-load-high/test_test.go:92 @ 08/25/26 22:03:38.085&#xA;&lt; Exit [It] should generate result files - /uat_workspace/peer-load-high/test_test.go:92 @ 08/25/26 22:03:38.087 (2ms)&#xA;</system-err>
          </testcase>
          <testcase name="[It] peer-load-high Benchmark Under Contention should collect benchmark results [quantitative]" classname="Multi-Tenant Contention Benchmark Suite" status="passed" time="0.000839309">
              <system-err>&gt; Enter [It] should collect benchmark results - /uat_workspace/peer-load-high/test_test.go:98 @ 08/25/26 22:03:38.087&#xA;=== Contention Benchmark Results ===&#xA;Successes: 600  Failures: 0&#xA;Throughput (tok/s): total=1949.96 output=658.05 requests=9.9672&#xA;Request Latency (s): mean=0.3401 median=0.3381&#xA;TTFT (s): mean=0.0194 median=0.0193&#xA;ttft_mean_s - /uat_workspace/peer-load-high/test_test.go:126 @ 08/25/26 22:03:38.088&#xA;  0.019408234971536632&#xA;TPOT (s): mean=0.0050 median=0.0050&#xA;tpot_mean_s - /uat_workspace/peer-load-high/test_test.go:132 @ 08/25/26 22:03:38.088&#xA;  0.004983603115805971&#xA;throughput_total_tokens_per_sec - /uat_workspace/peer-load-high/test_test.go:135 @ 08/25/26 22:03:38.088&#xA;  1949.9645468325346&#xA;throughput_output_tokens_per_sec - /uat_workspace/peer-load-high/test_test.go:136 @ 08/25/26 22:03:38.088&#xA;  658.0505319652522&#xA;request_latency_mean_s - /uat_workspace/peer-load-high/test_test.go:137 @ 08/25/26 22:03:38.088&#xA;  0.3400692639897655&#xA;&lt; Exit [It] should collect benchmark results - /uat_workspace/peer-load-high/test_test.go:98 @ 08/25/26 22:03:38.088 (1ms)&#xA;</system-err>
          </testcase>
      </testsuite>
  </testsuites>