<?xml version="1.0" encoding="UTF-8"?>
  <testsuites tests="6" disabled="2" errors="0" failures="0" time="78.094795092">
      <testsuite name="inference-perf Benchmark Suite" package="/workspace" tests="6" disabled="0" skipped="2" errors="0" failures="0" time="78.094795092" timestamp="2026-08-25T20:28:38">
          <properties>
              <property name="SuiteSucceeded" value="true"></property>
              <property name="SuiteHasProgrammaticFocus" value="false"></property>
              <property name="SpecialSuiteFailureReason" value=""></property>
              <property name="SuiteLabels" value="[]"></property>
              <property name="SuiteSemVerConstraints" value="[]"></property>
              <property name="SuiteComponentSemVerConstraints" value="[]"></property>
              <property name="RandomSeed" value="1787689718"></property>
              <property name="RandomizeAllSpecs" value="false"></property>
              <property name="LabelFilter" value="quantitative"></property>
              <property name="SemVerFilter" value=""></property>
              <property name="FocusStrings" value=""></property>
              <property name="SkipStrings" value=""></property>
              <property name="FocusFiles" value=""></property>
              <property name="SkipFiles" value=""></property>
              <property name="FailOnPending" value="false"></property>
              <property name="FailOnEmpty" value="false"></property>
              <property name="FailFast" value="false"></property>
              <property name="FlakeAttempts" value="0"></property>
              <property name="DryRun" value="false"></property>
              <property name="ParallelTotal" value="1"></property>
              <property name="OutputInterceptorMode" value=""></property>
          </properties>
          <testcase name="[BeforeSuite]" classname="inference-perf Benchmark Suite" status="passed" time="0.000188757">
              <system-err>&gt; Enter [BeforeSuite] TOP-LEVEL - /uat_workspace/inference-perf/test_test.go:61 @ 08/25/26 20:28:38.661&#xA;Server: http://svc-t7-inference-perf-moc-r4pcc02u09-vllm-server:8000&#xA;Results: /uat_workspace&#xA;&lt; Exit [BeforeSuite] TOP-LEVEL - /uat_workspace/inference-perf/test_test.go:61 @ 08/25/26 20:28:38.662 (0s)&#xA;</system-err>
          </testcase>
          <testcase name="[It] inference-perf Health Check should return healthy status [pass-fail]" classname="inference-perf Benchmark Suite" status="skipped" time="0">
              <skipped message="skipped"></skipped>
          </testcase>
          <testcase name="[It] inference-perf Model Endpoint should list available models [pass-fail]" classname="inference-perf Benchmark Suite" status="skipped" time="0">
              <skipped message="skipped"></skipped>
          </testcase>
          <testcase name="[It] inference-perf Benchmark Execution should execute benchmark successfully [quantitative]" classname="inference-perf Benchmark Suite" status="passed" time="78.089048097">
              <system-err>&gt; Enter [It] should execute benchmark successfully - /uat_workspace/inference-perf/test_test.go:101 @ 08/25/26 20:28:38.662&#xA;&lt; Exit [It] should execute benchmark successfully - /uat_workspace/inference-perf/test_test.go:101 @ 08/25/26 20:29:56.751 (1m18.089s)&#xA;</system-err>
          </testcase>
          <testcase name="[It] inference-perf Benchmark Execution should generate result files [quantitative]" classname="inference-perf Benchmark Suite" status="passed" time="0.002731057">
              <system-err>&gt; Enter [It] should generate result files - /uat_workspace/inference-perf/test_test.go:121 @ 08/25/26 20:29:56.751&#xA;&lt; Exit [It] should generate result files - /uat_workspace/inference-perf/test_test.go:121 @ 08/25/26 20:29:56.753 (3ms)&#xA;</system-err>
          </testcase>
          <testcase name="[It] inference-perf Benchmark Execution should collect benchmark results [quantitative]" classname="inference-perf Benchmark Suite" status="passed" time="0.001453692">
              <system-err>&gt; Enter [It] should collect benchmark results - /uat_workspace/inference-perf/test_test.go:127 @ 08/25/26 20:29:56.754&#xA;=== inference-perf Results ===&#xA;Successes: 600  Failures: 0&#xA;Throughput (tok/s): total=1917.58 output=657.82 requests=9.9616&#xA;Request Latency (s): mean=0.5100 median=0.5149&#xA;TTFT (s): mean=0.0306 median=0.0290&#xA;ttft_mean_s - /uat_workspace/inference-perf/test_test.go:155 @ 08/25/26 20:29:56.755&#xA;  0.03060898903029738&#xA;TPOT (s): mean=0.0075 median=0.0075&#xA;tpot_mean_s - /uat_workspace/inference-perf/test_test.go:161 @ 08/25/26 20:29:56.755&#xA;  0.007459418817004926&#xA;throughput_total_tokens_per_sec - /uat_workspace/inference-perf/test_test.go:164 @ 08/25/26 20:29:56.755&#xA;  1917.5842404694108&#xA;throughput_output_tokens_per_sec - /uat_workspace/inference-perf/test_test.go:165 @ 08/25/26 20:29:56.755&#xA;  657.8174963344693&#xA;request_latency_mean_s - /uat_workspace/inference-perf/test_test.go:166 @ 08/25/26 20:29:56.755&#xA;  0.5099936403502943&#xA;&lt; Exit [It] should collect benchmark results - /uat_workspace/inference-perf/test_test.go:127 @ 08/25/26 20:29:56.755 (1ms)&#xA;</system-err>
          </testcase>
      </testsuite>
  </testsuites>