<?xml version="1.0" encoding="UTF-8"?>
  <testsuites tests="4" disabled="0" errors="0" failures="0" time="71.967232493">
      <testsuite name="Multi-Tenant Contention Benchmark Suite" package="/workspace" tests="4" disabled="0" skipped="0" errors="0" failures="0" time="71.967232493" timestamp="2026-08-25T22:39:36">
          <properties>
              <property name="SuiteSucceeded" value="true"></property>
              <property name="SuiteHasProgrammaticFocus" value="false"></property>
              <property name="SpecialSuiteFailureReason" value=""></property>
              <property name="SuiteLabels" value="[]"></property>
              <property name="SuiteSemVerConstraints" value="[]"></property>
              <property name="SuiteComponentSemVerConstraints" value="[]"></property>
              <property name="RandomSeed" value="1787697576"></property>
              <property name="RandomizeAllSpecs" value="false"></property>
              <property name="LabelFilter" value="quantitative"></property>
              <property name="SemVerFilter" value=""></property>
              <property name="FocusStrings" value=""></property>
              <property name="SkipStrings" value=""></property>
              <property name="FocusFiles" value=""></property>
              <property name="SkipFiles" value=""></property>
              <property name="FailOnPending" value="false"></property>
              <property name="FailOnEmpty" value="false"></property>
              <property name="FailFast" value="false"></property>
              <property name="FlakeAttempts" value="0"></property>
              <property name="DryRun" value="false"></property>
              <property name="ParallelTotal" value="1"></property>
              <property name="OutputInterceptorMode" value=""></property>
          </properties>
          <testcase name="[BeforeSuite]" classname="Multi-Tenant Contention Benchmark Suite" status="passed" time="0.000580861">
              <system-err>&gt; Enter [BeforeSuite] TOP-LEVEL - /uat_workspace/peer-load-low/test_test.go:58 @ 08/25/26 22:39:36.834&#xA;Server: http://svc-t12-peer-load-low-moc-r4pcc02u09-project-server:8000&#xA;Results: /uat_workspace&#xA;&lt; Exit [BeforeSuite] TOP-LEVEL - /uat_workspace/peer-load-low/test_test.go:58 @ 08/25/26 22:39:36.834 (1ms)&#xA;</system-err>
          </testcase>
          <testcase name="[It] peer-load-low Benchmark Under Contention should execute benchmark successfully [quantitative]" classname="Multi-Tenant Contention Benchmark Suite" status="passed" time="71.96270621">
              <system-err>&gt; Enter [It] should execute benchmark successfully - /uat_workspace/peer-load-low/test_test.go:72 @ 08/25/26 22:39:36.835&#xA;&lt; Exit [It] should execute benchmark successfully - /uat_workspace/peer-load-low/test_test.go:72 @ 08/25/26 22:40:48.797 (1m11.963s)&#xA;</system-err>
          </testcase>
          <testcase name="[It] peer-load-low Benchmark Under Contention should generate result files [quantitative]" classname="Multi-Tenant Contention Benchmark Suite" status="passed" time="0.001766823">
              <system-err>&gt; Enter [It] should generate result files - /uat_workspace/peer-load-low/test_test.go:92 @ 08/25/26 22:40:48.797&#xA;&lt; Exit [It] should generate result files - /uat_workspace/peer-load-low/test_test.go:92 @ 08/25/26 22:40:48.799 (2ms)&#xA;</system-err>
          </testcase>
          <testcase name="[It] peer-load-low Benchmark Under Contention should collect benchmark results [quantitative]" classname="Multi-Tenant Contention Benchmark Suite" status="passed" time="0.001496613">
              <system-err>&gt; Enter [It] should collect benchmark results - /uat_workspace/peer-load-low/test_test.go:98 @ 08/25/26 22:40:48.799&#xA;=== Contention Benchmark Results ===&#xA;Successes: 300  Failures: 0&#xA;Throughput (tok/s): total=1062.98 output=361.01 requests=5.4829&#xA;Request Latency (s): mean=0.3412 median=0.3412&#xA;TTFT (s): mean=0.0238 median=0.0234&#xA;ttft_mean_s - /uat_workspace/peer-load-low/test_test.go:126 @ 08/25/26 22:40:48.801&#xA;  0.023835894094469647&#xA;TPOT (s): mean=0.0051 median=0.0049&#xA;tpot_mean_s - /uat_workspace/peer-load-low/test_test.go:132 @ 08/25/26 22:40:48.801&#xA;  0.005055644512842909&#xA;throughput_total_tokens_per_sec - /uat_workspace/peer-load-low/test_test.go:135 @ 08/25/26 22:40:48.801&#xA;  1062.9799670037198&#xA;throughput_output_tokens_per_sec - /uat_workspace/peer-load-low/test_test.go:136 @ 08/25/26 22:40:48.801&#xA;  361.0096504285354&#xA;request_latency_mean_s - /uat_workspace/peer-load-low/test_test.go:137 @ 08/25/26 22:40:48.801&#xA;  0.34116418147886485&#xA;&lt; Exit [It] should collect benchmark results - /uat_workspace/peer-load-low/test_test.go:98 @ 08/25/26 22:40:48.801 (1ms)&#xA;</system-err>
          </testcase>
      </testsuite>
  </testsuites>