<?xml version="1.0" encoding="UTF-8"?>
  <testsuites tests="2" disabled="0" errors="0" failures="0" time="0.170951357">
      <testsuite name="Platform Check Test Suite" package="/" tests="2" disabled="0" skipped="0" errors="0" failures="0" time="0.170951357" timestamp="2026-08-24T22:55:25">
          <properties>
              <property name="SuiteSucceeded" value="true"></property>
              <property name="SuiteHasProgrammaticFocus" value="false"></property>
              <property name="SpecialSuiteFailureReason" value=""></property>
              <property name="SuiteLabels" value="[]"></property>
              <property name="SuiteSemVerConstraints" value="[]"></property>
              <property name="SuiteComponentSemVerConstraints" value="[]"></property>
              <property name="RandomSeed" value="1787612125"></property>
              <property name="RandomizeAllSpecs" value="false"></property>
              <property name="LabelFilter" value="pass-fail"></property>
              <property name="SemVerFilter" value=""></property>
              <property name="FocusStrings" value=""></property>
              <property name="SkipStrings" value=""></property>
              <property name="FocusFiles" value=""></property>
              <property name="SkipFiles" value=""></property>
              <property name="FailOnPending" value="false"></property>
              <property name="FailOnEmpty" value="false"></property>
              <property name="FailFast" value="false"></property>
              <property name="FlakeAttempts" value="0"></property>
              <property name="DryRun" value="false"></property>
              <property name="ParallelTotal" value="1"></property>
              <property name="OutputInterceptorMode" value=""></property>
          </properties>
          <testcase name="[BeforeSuite]" classname="Platform Check Test Suite" status="passed" time="0.007022473">
              <system-err>&gt; Enter [BeforeSuite] TOP-LEVEL - /uat_workspace/platform-check/test_test.go:39 @ 08/24/26 22:55:25.786&#xA;&lt; Exit [BeforeSuite] TOP-LEVEL - /uat_workspace/platform-check/test_test.go:39 @ 08/24/26 22:55:25.793 (7ms)&#xA;</system-err>
          </testcase>
          <testcase name="[It] Platform Check validates all checks [pass-fail]" classname="Platform Check Test Suite" status="passed" time="0.1636261">
              <system-err>&gt; Enter [It] validates all checks - /uat_workspace/platform-check/test_test.go:95 @ 08/24/26 22:55:25.793&#xA;&lt; Exit [It] validates all checks - /uat_workspace/platform-check/test_test.go:95 @ 08/24/26 22:55:25.957 (164ms)&#xA;</system-err>
          </testcase>
      </testsuite>
  </testsuites>