<?xml version="1.0" encoding="UTF-8"?>
  <testsuites tests="22" disabled="1" errors="0" failures="2" time="3.487058681">
      <testsuite name="Component Validation Suite" package="/" tests="22" disabled="0" skipped="1" errors="0" failures="2" time="3.487058681" timestamp="2026-08-24T22:59:41">
          <properties>
              <property name="SuiteSucceeded" value="false"></property>
              <property name="SuiteHasProgrammaticFocus" value="false"></property>
              <property name="SpecialSuiteFailureReason" value=""></property>
              <property name="SuiteLabels" value="[]"></property>
              <property name="SuiteSemVerConstraints" value="[]"></property>
              <property name="SuiteComponentSemVerConstraints" value="[]"></property>
              <property name="RandomSeed" value="1787612381"></property>
              <property name="RandomizeAllSpecs" value="false"></property>
              <property name="LabelFilter" value="pass-fail"></property>
              <property name="SemVerFilter" value=""></property>
              <property name="FocusStrings" value=""></property>
              <property name="SkipStrings" value=""></property>
              <property name="FocusFiles" value=""></property>
              <property name="SkipFiles" value=""></property>
              <property name="FailOnPending" value="false"></property>
              <property name="FailOnEmpty" value="false"></property>
              <property name="FailFast" value="false"></property>
              <property name="FlakeAttempts" value="0"></property>
              <property name="DryRun" value="false"></property>
              <property name="ParallelTotal" value="1"></property>
              <property name="OutputInterceptorMode" value=""></property>
          </properties>
          <testcase name="[BeforeSuite]" classname="Component Validation Suite" status="passed" time="0.001266115">
              <system-err>&gt; Enter [BeforeSuite] TOP-LEVEL - /uat_workspace/component/test_test.go:88 @ 08/24/26 22:59:41.946&#xA;Node: moc-r4pcc02u09&#xA;Expected GPU: 4x NVIDIA-H100-80GB-HBM3&#xA;Expected CPU: AMD EPYC 9754 128-Core Processor (count: 512)&#xA;Expected memory: 1512Gi&#xA;&lt; Exit [BeforeSuite] TOP-LEVEL - /uat_workspace/component/test_test.go:88 @ 08/24/26 22:59:41.947 (1ms)&#xA;</system-err>
          </testcase>
          <testcase name="[It] Compliance Checks should have FIPS mode enabled [pass-fail]" classname="Component Validation Suite" status="skipped" time="0.00084075">
              <skipped message="skipped - FIPS mode not required by cluster config"></skipped>
              <system-err>&gt; Enter [It] should have FIPS mode enabled - /uat_workspace/component/test_test.go:512 @ 08/24/26 22:59:41.947&#xA;[SKIPPED] FIPS mode not required by cluster config&#xA;In [It] at: /uat_workspace/component/test_test.go:514 @ 08/24/26 22:59:41.948&#xA;&lt; Exit [It] should have FIPS mode enabled - /uat_workspace/component/test_test.go:512 @ 08/24/26 22:59:41.948 (1ms)&#xA;</system-err>
          </testcase>
          <testcase name="[It] Ideal Configuration should report correct CUDA driver version [pass-fail]" classname="Component Validation Suite" status="passed" time="0.203119019">
              <system-err>&gt; Enter [It] should report correct CUDA driver version - /uat_workspace/component/test_test.go:363 @ 08/24/26 22:59:41.948&#xA;CUDA driver: 595.91.07 (expected: 595.91.07)&#xA;&lt; Exit [It] should report correct CUDA driver version - /uat_workspace/component/test_test.go:363 @ 08/24/26 22:59:42.151 (203ms)&#xA;</system-err>
          </testcase>
          <testcase name="[It] Ideal Configuration should have GPU power limit at expected value [pass-fail]" classname="Component Validation Suite" status="passed" time="0.202622862">
              <system-err>&gt; Enter [It] should have GPU power limit at expected value - /uat_workspace/component/test_test.go:373 @ 08/24/26 22:59:42.151&#xA;GPU power limit: 700 W (expected: 700 W)&#xA;GPU power limit: 700 W (expected: 700 W)&#xA;GPU power limit: 700 W (expected: 700 W)&#xA;GPU power limit: 700 W (expected: 700 W)&#xA;&lt; Exit [It] should have GPU power limit at expected value - /uat_workspace/component/test_test.go:373 @ 08/24/26 22:59:42.354 (203ms)&#xA;</system-err>
          </testcase>
          <testcase name="[It] Ideal Configuration should have GPU persistence mode set correctly [pass-fail]" classname="Component Validation Suite" status="passed" time="0.20736115">
              <system-err>&gt; Enter [It] should have GPU persistence mode set correctly - /uat_workspace/component/test_test.go:387 @ 08/24/26 22:59:42.354&#xA;GPU persistence mode: Enabled (expected: Enabled)&#xA;&lt; Exit [It] should have GPU persistence mode set correctly - /uat_workspace/component/test_test.go:387 @ 08/24/26 22:59:42.561 (207ms)&#xA;</system-err>
          </testcase>
          <testcase name="[It] Ideal Configuration should match expected kernel version [pass-fail]" classname="Component Validation Suite" status="passed" time="0.005701923">
              <system-err>&gt; Enter [It] should match expected kernel version - /uat_workspace/component/test_test.go:401 @ 08/24/26 22:59:42.561&#xA;Kernel: 5.14.0-570.78.1.el9_6.x86_64 (expected: 5.14.0-570.78.1.el9_6.x86_64)&#xA;&lt; Exit [It] should match expected kernel version - /uat_workspace/component/test_test.go:401 @ 08/24/26 22:59:42.567 (6ms)&#xA;</system-err>
          </testcase>
          <testcase name="[It] Ideal Configuration should have hugepages configured correctly [pass-fail]" classname="Component Validation Suite" status="failed" time="0.000511279">
              <failure message="Hugepages mismatch: 0 2Mi pages allocated but expected 4000 (= 8000Mi). Insufficient hugepages starve DPDK and RDMA-based workloads. Check the node&#39;s kernel boot parameters or the Tuned/PerformanceProfile config.&#xA;Expected&#xA;    &lt;int&gt;: 0&#xA;to equal&#xA;    &lt;int&gt;: 4000" type="failed">[FAILED] Hugepages mismatch: 0 2Mi pages allocated but expected 4000 (= 8000Mi). Insufficient hugepages starve DPDK and RDMA-based workloads. Check the node&#39;s kernel boot parameters or the Tuned/PerformanceProfile config.&#xA;Expected&#xA;    &lt;int&gt;: 0&#xA;to equal&#xA;    &lt;int&gt;: 4000&#xA;In [It] at: /uat_workspace/component/test_test.go:422 @ 08/24/26 22:59:42.567&#xA;</failure>
              <system-err>&gt; Enter [It] should have hugepages configured correctly - /uat_workspace/component/test_test.go:414 @ 08/24/26 22:59:42.567&#xA;Hugepages 2Mi: 0 pages (expected: 4000)&#xA;[FAILED] Hugepages mismatch: 0 2Mi pages allocated but expected 4000 (= 8000Mi). Insufficient hugepages starve DPDK and RDMA-based workloads. Check the node&#39;s kernel boot parameters or the Tuned/PerformanceProfile config.&#xA;Expected&#xA;    &lt;int&gt;: 0&#xA;to equal&#xA;    &lt;int&gt;: 4000&#xA;In [It] at: /uat_workspace/component/test_test.go:422 @ 08/24/26 22:59:42.567&#xA;&lt; Exit [It] should have hugepages configured correctly - /uat_workspace/component/test_test.go:414 @ 08/24/26 22:59:42.567 (1ms)&#xA;</system-err>
          </testcase>
          <testcase name="[It] Ideal Configuration should have CPU frequency governor set to expected value [pass-fail]" classname="Component Validation Suite" status="passed" time="0.000267879">
              <system-err>&gt; Enter [It] should have CPU frequency governor set to expected value - /uat_workspace/component/test_test.go:429 @ 08/24/26 22:59:42.568&#xA;CPU freq governor: performance (expected: performance)&#xA;&lt; Exit [It] should have CPU frequency governor set to expected value - /uat_workspace/component/test_test.go:429 @ 08/24/26 22:59:42.568 (0s)&#xA;</system-err>
          </testcase>
          <testcase name="[It] Ideal Configuration should have correct CPU idle driver [pass-fail]" classname="Component Validation Suite" status="passed" time="9.1733e-05">
              <system-err>&gt; Enter [It] should have correct CPU idle driver - /uat_workspace/component/test_test.go:440 @ 08/24/26 22:59:42.568&#xA;CPU idle driver: acpi_idle (expected: acpi_idle)&#xA;&lt; Exit [It] should have correct CPU idle driver - /uat_workspace/component/test_test.go:440 @ 08/24/26 22:59:42.568 (0s)&#xA;</system-err>
          </testcase>
          <testcase name="[It] Ideal Configuration should have correct CPU idle governor [pass-fail]" classname="Component Validation Suite" status="passed" time="8.8743e-05">
              <system-err>&gt; Enter [It] should have correct CPU idle governor - /uat_workspace/component/test_test.go:451 @ 08/24/26 22:59:42.568&#xA;CPU idle governor: menu (expected: menu)&#xA;&lt; Exit [It] should have correct CPU idle governor - /uat_workspace/component/test_test.go:451 @ 08/24/26 22:59:42.568 (0s)&#xA;</system-err>
          </testcase>
          <testcase name="[It] Ideal Configuration should have only expected C-states enabled [pass-fail]" classname="Component Validation Suite" status="passed" time="0.000517648">
              <system-err>&gt; Enter [It] should have only expected C-states enabled - /uat_workspace/component/test_test.go:465 @ 08/24/26 22:59:42.568&#xA;Enabled C-states: [POLL C1 C2] (expected: [POLL C1 C2])&#xA;&lt; Exit [It] should have only expected C-states enabled - /uat_workspace/component/test_test.go:465 @ 08/24/26 22:59:42.569 (1ms)&#xA;</system-err>
          </testcase>
          <testcase name="[It] Ideal Configuration should have transparent hugepages set correctly [pass-fail]" classname="Component Validation Suite" status="failed" time="0.000259999">
              <failure message="Transparent hugepages (THP) mismatch: set to &#39;always&#39; but expected &#39;madvise&#39;. THP set to &#39;always&#39; can cause unpredictable latency spikes from background compaction (khugepaged). &#39;madvise&#39; lets applications opt in explicitly; &#39;never&#39; disables THP entirely.&#xA;Expected&#xA;    &lt;string&gt;: always&#xA;to equal&#xA;    &lt;string&gt;: madvise" type="failed">[FAILED] Transparent hugepages (THP) mismatch: set to &#39;always&#39; but expected &#39;madvise&#39;. THP set to &#39;always&#39; can cause unpredictable latency spikes from background compaction (khugepaged). &#39;madvise&#39; lets applications opt in explicitly; &#39;never&#39; disables THP entirely.&#xA;Expected&#xA;    &lt;string&gt;: always&#xA;to equal&#xA;    &lt;string&gt;: madvise&#xA;In [It] at: /uat_workspace/component/test_test.go:497 @ 08/24/26 22:59:42.569&#xA;</failure>
              <system-err>&gt; Enter [It] should have transparent hugepages set correctly - /uat_workspace/component/test_test.go:488 @ 08/24/26 22:59:42.569&#xA;Transparent hugepages: always (expected: madvise)&#xA;[FAILED] Transparent hugepages (THP) mismatch: set to &#39;always&#39; but expected &#39;madvise&#39;. THP set to &#39;always&#39; can cause unpredictable latency spikes from background compaction (khugepaged). &#39;madvise&#39; lets applications opt in explicitly; &#39;never&#39; disables THP entirely.&#xA;Expected&#xA;    &lt;string&gt;: always&#xA;to equal&#xA;    &lt;string&gt;: madvise&#xA;In [It] at: /uat_workspace/component/test_test.go:497 @ 08/24/26 22:59:42.569&#xA;&lt; Exit [It] should have transparent hugepages set correctly - /uat_workspace/component/test_test.go:488 @ 08/24/26 22:59:42.569 (0s)&#xA;</system-err>
          </testcase>
          <testcase name="[It] Sanity Checks should detect correct GPU count [pass-fail]" classname="Component Validation Suite" status="passed" time="0.20677818">
              <system-err>&gt; Enter [It] should detect correct GPU count - /uat_workspace/component/test_test.go:163 @ 08/24/26 22:59:42.569&#xA;GPU count: 4 (expected: 4)&#xA;&lt; Exit [It] should detect correct GPU count - /uat_workspace/component/test_test.go:163 @ 08/24/26 22:59:42.776 (207ms)&#xA;</system-err>
          </testcase>
          <testcase name="[It] Sanity Checks should detect correct GPU model [pass-fail]" classname="Component Validation Suite" status="passed" time="0.202718555">
              <system-err>&gt; Enter [It] should detect correct GPU model - /uat_workspace/component/test_test.go:180 @ 08/24/26 22:59:42.776&#xA;GPU model: NVIDIA-H100-80GB-HBM3 (expected: NVIDIA-H100-80GB-HBM3)&#xA;&lt; Exit [It] should detect correct GPU model - /uat_workspace/component/test_test.go:180 @ 08/24/26 22:59:42.979 (203ms)&#xA;</system-err>
          </testcase>
          <testcase name="[It] Sanity Checks should have correct NVLink width [pass-fail]" classname="Component Validation Suite" status="passed" time="1.054590554">
              <system-err>&gt; Enter [It] should have correct NVLink width - /uat_workspace/component/test_test.go:190 @ 08/24/26 22:59:42.979&#xA;NVLink connection: NV6 (expected: NV6)&#xA;NVLink connection: NV6 (expected: NV6)&#xA;NVLink connection: NV6 (expected: NV6)&#xA;NVLink connection: NV6 (expected: NV6)&#xA;NVLink connection: NV6 (expected: NV6)&#xA;NVLink connection: NV6 (expected: NV6)&#xA;NVLink connection: NV6 (expected: NV6)&#xA;NVLink connection: NV6 (expected: NV6)&#xA;NVLink connection: NV6 (expected: NV6)&#xA;NVLink connection: NV6 (expected: NV6)&#xA;NVLink connection: NV6 (expected: NV6)&#xA;NVLink connection: NV6 (expected: NV6)&#xA;&lt; Exit [It] should have correct NVLink width - /uat_workspace/component/test_test.go:190 @ 08/24/26 22:59:44.033 (1.055s)&#xA;</system-err>
          </testcase>
          <testcase name="[It] Sanity Checks should have correct NVLink topology [pass-fail]" classname="Component Validation Suite" status="passed" time="0.934846783">
              <system-err>&gt; Enter [It] should have correct NVLink topology - /uat_workspace/component/test_test.go:215 @ 08/24/26 22:59:44.033&#xA;GPU line 1: 3/3 connections are NVLink&#xA;GPU line 2: 3/3 connections are NVLink&#xA;GPU line 3: 3/3 connections are NVLink&#xA;GPU line 4: 3/3 connections are NVLink&#xA;&lt; Exit [It] should have correct NVLink topology - /uat_workspace/component/test_test.go:215 @ 08/24/26 22:59:44.968 (935ms)&#xA;</system-err>
          </testcase>
          <testcase name="[It] Sanity Checks should report correct PCIe link width [pass-fail]" classname="Component Validation Suite" status="passed" time="0.203181222">
              <system-err>&gt; Enter [It] should report correct PCIe link width - /uat_workspace/component/test_test.go:264 @ 08/24/26 22:59:44.968&#xA;PCIe width: 16 (expected: 16)&#xA;PCIe width: 16 (expected: 16)&#xA;PCIe width: 16 (expected: 16)&#xA;PCIe width: 16 (expected: 16)&#xA;&lt; Exit [It] should report correct PCIe link width - /uat_workspace/component/test_test.go:264 @ 08/24/26 22:59:45.172 (203ms)&#xA;</system-err>
          </testcase>
          <testcase name="[It] Sanity Checks should report correct PCIe generation [pass-fail]" classname="Component Validation Suite" status="passed" time="0.209204616">
              <system-err>&gt; Enter [It] should report correct PCIe generation - /uat_workspace/component/test_test.go:277 @ 08/24/26 22:59:45.172&#xA;PCIe gen: 5 (expected: 5)&#xA;PCIe gen: 5 (expected: 5)&#xA;PCIe gen: 5 (expected: 5)&#xA;PCIe gen: 5 (expected: 5)&#xA;&lt; Exit [It] should report correct PCIe generation - /uat_workspace/component/test_test.go:277 @ 08/24/26 22:59:45.381 (209ms)&#xA;</system-err>
          </testcase>
          <testcase name="[It] Sanity Checks should match expected CPU model [pass-fail]" classname="Component Validation Suite" status="passed" time="0.027643094">
              <system-err>&gt; Enter [It] should match expected CPU model - /uat_workspace/component/test_test.go:290 @ 08/24/26 22:59:45.381&#xA;CPU model: AMD EPYC 9754 128-Core Processor (expected: AMD EPYC 9754 128-Core Processor)&#xA;&lt; Exit [It] should match expected CPU model - /uat_workspace/component/test_test.go:290 @ 08/24/26 22:59:45.409 (28ms)&#xA;</system-err>
          </testcase>
          <testcase name="[It] Sanity Checks should report correct CPU count [pass-fail]" classname="Component Validation Suite" status="passed" time="0.023277358">
              <system-err>&gt; Enter [It] should report correct CPU count - /uat_workspace/component/test_test.go:310 @ 08/24/26 22:59:45.409&#xA;CPU count: 512 (expected: 512)&#xA;&lt; Exit [It] should report correct CPU count - /uat_workspace/component/test_test.go:310 @ 08/24/26 22:59:45.432 (23ms)&#xA;</system-err>
          </testcase>
          <testcase name="[It] Sanity Checks should report memory capacity within expected range [pass-fail]" classname="Component Validation Suite" status="passed" time="0.000159696">
              <system-err>&gt; Enter [It] should report memory capacity within expected range - /uat_workspace/component/test_test.go:328 @ 08/24/26 22:59:45.432&#xA;Memory: 1511.4 Gi (expected: 1512.0 Gi)&#xA;&lt; Exit [It] should report memory capacity within expected range - /uat_workspace/component/test_test.go:328 @ 08/24/26 22:59:45.432 (0s)&#xA;</system-err>
          </testcase>
          <testcase name="[It] Sanity Checks should detect correct NUMA node count [pass-fail]" classname="Component Validation Suite" status="passed" time="0.000175017">
              <system-err>&gt; Enter [It] should detect correct NUMA node count - /uat_workspace/component/test_test.go:344 @ 08/24/26 22:59:45.432&#xA;NUMA nodes: 2 (expected: 2)&#xA;&lt; Exit [It] should detect correct NUMA node count - /uat_workspace/component/test_test.go:344 @ 08/24/26 22:59:45.432 (0s)&#xA;</system-err>
          </testcase>
      </testsuite>
  </testsuites>