<?xml version="1.0" encoding="UTF-8"?>
  <testsuites tests="8" disabled="0" errors="0" failures="0" time="5.9601917239999995">
      <testsuite name="Dev Environment Validation Suite" package="/" tests="8" disabled="0" skipped="0" errors="0" failures="0" time="5.9601917239999995" timestamp="2026-08-25T00:42:31">
          <properties>
              <property name="SuiteSucceeded" value="true"></property>
              <property name="SuiteHasProgrammaticFocus" value="false"></property>
              <property name="SpecialSuiteFailureReason" value=""></property>
              <property name="SuiteLabels" value="[]"></property>
              <property name="SuiteSemVerConstraints" value="[]"></property>
              <property name="SuiteComponentSemVerConstraints" value="[]"></property>
              <property name="RandomSeed" value="1787618551"></property>
              <property name="RandomizeAllSpecs" value="false"></property>
              <property name="LabelFilter" value="pass-fail"></property>
              <property name="SemVerFilter" value=""></property>
              <property name="FocusStrings" value=""></property>
              <property name="SkipStrings" value=""></property>
              <property name="FocusFiles" value=""></property>
              <property name="SkipFiles" value=""></property>
              <property name="FailOnPending" value="false"></property>
              <property name="FailOnEmpty" value="false"></property>
              <property name="FailFast" value="false"></property>
              <property name="FlakeAttempts" value="0"></property>
              <property name="DryRun" value="false"></property>
              <property name="ParallelTotal" value="1"></property>
              <property name="OutputInterceptorMode" value=""></property>
          </properties>
          <testcase name="[BeforeSuite]" classname="Dev Environment Validation Suite" status="passed" time="0.000557019">
              <system-err>&gt; Enter [BeforeSuite] TOP-LEVEL - /uat_workspace/dev-env/test_test.go:388 @ 08/25/26 00:42:31.662&#xA;Server URL: http://svc-t4-dev-env-moc-r4pcc02u05-notebook-server:8888&#xA;Expected GPU count: 4&#xA;Expected NVLink: NV6&#xA;&lt; Exit [BeforeSuite] TOP-LEVEL - /uat_workspace/dev-env/test_test.go:388 @ 08/25/26 00:42:31.662 (1ms)&#xA;</system-err>
          </testcase>
          <testcase name="[It] Dev Environment Validation should create a diagnostic notebook on the server [pass-fail]" classname="Dev Environment Validation Suite" status="passed" time="0.065630553">
              <system-err>&gt; Enter [It] should create a diagnostic notebook on the server - /uat_workspace/dev-env/test_test.go:438 @ 08/25/26 00:42:31.662&#xA;Created gpu-diagnostics.ipynb on server&#xA;&lt; Exit [It] should create a diagnostic notebook on the server - /uat_workspace/dev-env/test_test.go:438 @ 08/25/26 00:42:31.728 (66ms)&#xA;</system-err>
          </testcase>
          <testcase name="[It] Dev Environment Validation should start a kernel and execute the diagnostic code [pass-fail]" classname="Dev Environment Validation Suite" status="passed" time="4.876384777">
              <system-err>&gt; Enter [It] should start a kernel and execute the diagnostic code - /uat_workspace/dev-env/test_test.go:476 @ 08/25/26 00:42:31.728&#xA;Started kernel: 686e0588-8af0-4c1d-a783-f79b1c0fb135&#xA;Diagnostic code executed successfully&#xA;&lt; Exit [It] should start a kernel and execute the diagnostic code - /uat_workspace/dev-env/test_test.go:476 @ 08/25/26 00:42:36.605 (4.876s)&#xA;</system-err>
          </testcase>
          <testcase name="[It] Dev Environment Validation should read and parse result.txt from the server [pass-fail]" classname="Dev Environment Validation Suite" status="passed" time="0.002654791">
              <system-err>&gt; Enter [It] should read and parse result.txt from the server - /uat_workspace/dev-env/test_test.go:489 @ 08/25/26 00:42:36.605&#xA;Actual GPU count: 4&#xA;Device count: 4&#xA;&lt; Exit [It] should read and parse result.txt from the server - /uat_workspace/dev-env/test_test.go:489 @ 08/25/26 00:42:36.607 (3ms)&#xA;</system-err>
          </testcase>
          <testcase name="[It] Dev Environment Validation should detect correct GPU count [pass-fail]" classname="Dev Environment Validation Suite" status="passed" time="2.5441e-05">
              <system-err>&gt; Enter [It] should detect correct GPU count - /uat_workspace/dev-env/test_test.go:504 @ 08/25/26 00:42:36.607&#xA;GPU count: 4 (expected: 4)&#xA;&lt; Exit [It] should detect correct GPU count - /uat_workspace/dev-env/test_test.go:504 @ 08/25/26 00:42:36.607 (0s)&#xA;</system-err>
          </testcase>
          <testcase name="[It] Dev Environment Validation should have correct NVLink width [pass-fail]" classname="Dev Environment Validation Suite" status="passed" time="4.9561e-05">
              <system-err>&gt; Enter [It] should have correct NVLink width - /uat_workspace/dev-env/test_test.go:511 @ 08/25/26 00:42:36.607&#xA;NVLink connection: NV6 (expected: NV6)&#xA;NVLink connection: NV6 (expected: NV6)&#xA;NVLink connection: NV6 (expected: NV6)&#xA;NVLink connection: NV6 (expected: NV6)&#xA;NVLink connection: NV6 (expected: NV6)&#xA;NVLink connection: NV6 (expected: NV6)&#xA;NVLink connection: NV6 (expected: NV6)&#xA;NVLink connection: NV6 (expected: NV6)&#xA;NVLink connection: NV6 (expected: NV6)&#xA;NVLink connection: NV6 (expected: NV6)&#xA;NVLink connection: NV6 (expected: NV6)&#xA;NVLink connection: NV6 (expected: NV6)&#xA;&lt; Exit [It] should have correct NVLink width - /uat_workspace/dev-env/test_test.go:511 @ 08/25/26 00:42:36.607 (0s)&#xA;</system-err>
          </testcase>
          <testcase name="[It] Dev Environment Validation should report all GPU devices [pass-fail]" classname="Dev Environment Validation Suite" status="passed" time="1.6181e-05">
              <system-err>&gt; Enter [It] should report all GPU devices - /uat_workspace/dev-env/test_test.go:531 @ 08/25/26 00:42:36.607&#xA;GPU 0: NVIDIA H100 80GB HBM3 (81081 MB)&#xA;GPU 1: NVIDIA H100 80GB HBM3 (81081 MB)&#xA;GPU 2: NVIDIA H100 80GB HBM3 (81081 MB)&#xA;GPU 3: NVIDIA H100 80GB HBM3 (81081 MB)&#xA;&lt; Exit [It] should report all GPU devices - /uat_workspace/dev-env/test_test.go:531 @ 08/25/26 00:42:36.607 (0s)&#xA;</system-err>
          </testcase>
          <testcase name="[AfterSuite]" classname="Dev Environment Validation Suite" status="passed" time="1.014531877">
              <system-err>&gt; Enter [AfterSuite] TOP-LEVEL - /uat_workspace/dev-env/test_test.go:406 @ 08/25/26 00:42:36.607&#xA;&lt; Exit [AfterSuite] TOP-LEVEL - /uat_workspace/dev-env/test_test.go:406 @ 08/25/26 00:42:37.622 (1.015s)&#xA;</system-err>
          </testcase>
      </testsuite>
  </testsuites>